File created on 02/05/2022, 21:26:05

[02/05/2022, 21:26:05 ERROR] (unknown): /!\ UNCAUGH ERROR /!\ Error: Cannot find module './localModules/someFunctions'
[02/05/2022, 21:26:05 ERROR] (unknown): Require stack:
[02/05/2022, 21:26:05 ERROR] (unknown): - c:\Users\Sylicium\Documents\devlopement\Cle USB de dev\#41 Jarvis\V4\V4.1\index.js
[02/05/2022, 21:26:05 ERROR] (unknown):     at Function.Module._resolveFilename (internal/modules/cjs/loader.js:902:15)
[02/05/2022, 21:26:05 ERROR] (unknown):     at Function.Module._load (internal/modules/cjs/loader.js:746:27)
[02/05/2022, 21:26:05 ERROR] (unknown):     at Module.require (internal/modules/cjs/loader.js:974:19)
[02/05/2022, 21:26:05 ERROR] (unknown):     at require (internal/modules/cjs/helpers.js:93:18)
[02/05/2022, 21:26:05 ERROR] (unknown):     at _allCode (c:\Users\Sylicium\Documents\devlopement\Cle USB de dev\#41 Jarvis\V4\V4.1\index.js:96:13)
[02/05/2022, 21:26:05 ERROR] (unknown):     at Object.<anonymous> (c:\Users\Sylicium\Documents\devlopement\Cle USB de dev\#41 Jarvis\V4\V4.1\index.js:34:1)
[02/05/2022, 21:26:05 ERROR] (unknown):     at Module._compile (internal/modules/cjs/loader.js:1085:14)
[02/05/2022, 21:26:05 ERROR] (unknown):     at Object.Module._extensions..js (internal/modules/cjs/loader.js:1114:10)
[02/05/2022, 21:26:05 ERROR] (unknown):     at Module.load (internal/modules/cjs/loader.js:950:32)
[02/05/2022, 21:26:05 ERROR] (unknown):     at Function.Module._load (internal/modules/cjs/loader.js:790:12)
[02/05/2022, 21:26:05 ERROR] (unknown): 
[10/05/2022, 22:50:26 ERROR] (unknown): Uncaught Exception (process.on handle) Error: listen EADDRINUSE: address already in use :::1111
[10/05/2022, 22:50:26 ERROR] (unknown):     at Server.setupListenHandle [as _listen2] (net.js:1331:16)
[10/05/2022, 22:50:26 ERROR] (unknown):     at listenInCluster (net.js:1379:12)
[10/05/2022, 22:50:26 ERROR] (unknown):     at Server.listen (net.js:1465:7)
[10/05/2022, 22:50:26 ERROR] (unknown):     at Object.module.exports.start (C:\Users\Sylicium\Documents\devlopement\Cle USB de dev\#41 Jarvis\V4\V4.1\server.js:92:10)
[10/05/2022, 22:50:26 ERROR] (unknown):     at _allCode (C:\Users\Sylicium\Documents\devlopement\Cle USB de dev\#41 Jarvis\V4\V4.1\index.js:99:8)
[10/05/2022, 22:50:26 ERROR] (unknown):     at Object.<anonymous> (C:\Users\Sylicium\Documents\devlopement\Cle USB de dev\#41 Jarvis\V4\V4.1\index.js:34:1)
[10/05/2022, 22:50:26 ERROR] (unknown):     at Module._compile (internal/modules/cjs/loader.js:1085:14)
[10/05/2022, 22:50:26 ERROR] (unknown):     at Object.Module._extensions..js (internal/modules/cjs/loader.js:1114:10)
[10/05/2022, 22:50:26 ERROR] (unknown):     at Module.load (internal/modules/cjs/loader.js:950:32)
[10/05/2022, 22:50:26 ERROR] (unknown):     at Function.Module._load (internal/modules/cjs/loader.js:790:12)
[10/05/2022, 22:50:26 ERROR] (unknown): 
[28/05/2022, 22:14:28 ERROR] (unknown): /!\ UNCAUGH ERROR /!\ c:\Users\Sylicium\Documents\devlopement\Cle USB de dev\#41 Jarvis\V4\V4.1\localModules\someFunctions.js:30
[28/05/2022, 22:14:28 ERROR] (unknown): module.exports.randInt = (min, max) {
[28/05/2022, 22:14:28 ERROR] (unknown):                                     ^
[28/05/2022, 22:14:28 ERROR] (unknown): 
[28/05/2022, 22:14:28 ERROR] (unknown): SyntaxError: Unexpected token '{'
[28/05/2022, 22:14:28 ERROR] (unknown):     at wrapSafe (internal/modules/cjs/loader.js:1001:16)
[28/05/2022, 22:14:28 ERROR] (unknown):     at Module._compile (internal/modules/cjs/loader.js:1049:27)
[28/05/2022, 22:14:28 ERROR] (unknown):     at Object.Module._extensions..js (internal/modules/cjs/loader.js:1114:10)
[28/05/2022, 22:14:28 ERROR] (unknown):     at Module.load (internal/modules/cjs/loader.js:950:32)
[28/05/2022, 22:14:28 ERROR] (unknown):     at Function.Module._load (internal/modules/cjs/loader.js:790:12)
[28/05/2022, 22:14:28 ERROR] (unknown):     at Module.require (internal/modules/cjs/loader.js:974:19)
[28/05/2022, 22:14:28 ERROR] (unknown):     at require (internal/modules/cjs/helpers.js:93:18)
[28/05/2022, 22:14:28 ERROR] (unknown):     at _allCode (c:\Users\Sylicium\Documents\devlopement\Cle USB de dev\#41 Jarvis\V4\V4.1\index.js:96:13)
[28/05/2022, 22:14:28 ERROR] (unknown):     at Object.<anonymous> (c:\Users\Sylicium\Documents\devlopement\Cle USB de dev\#41 Jarvis\V4\V4.1\index.js:34:1)
[28/05/2022, 22:14:28 ERROR] (unknown):     at Module._compile (internal/modules/cjs/loader.js:1085:14)
[28/05/2022, 22:14:28 ERROR] (unknown): 
[02/06/2022, 20:23:55 ERROR] (unknown): Uncaught Exception (process.on handle) TypeError [ERR_INVALID_CALLBACK]: Callback must be a function. Received undefined
[02/06/2022, 20:23:55 ERROR] (unknown):     at new NodeError (internal/errors.js:322:7)
[02/06/2022, 20:23:55 ERROR] (unknown):     at makeCallback (fs.js:176:11)
[02/06/2022, 20:23:55 ERROR] (unknown):     at Object.unlink (fs.js:1244:14)
[02/06/2022, 20:23:55 ERROR] (unknown):     at c:\Users\Sylicium\Documents\devlopement\Cle USB de dev\#41 Jarvis\V4\V4.1\node_modules\picotts\index.js:18:6
[02/06/2022, 20:23:55 ERROR] (unknown):     at ChildProcess.exithandler (child_process.js:390:5)
[02/06/2022, 20:23:55 ERROR] (unknown):     at ChildProcess.emit (events.js:400:28)
[02/06/2022, 20:23:55 ERROR] (unknown):     at maybeClose (internal/child_process.js:1058:16)
[02/06/2022, 20:23:55 ERROR] (unknown):     at Process.ChildProcess._handle.onexit (internal/child_process.js:293:5)
[02/06/2022, 20:23:55 ERROR] (unknown):     at Process.callbackTrampoline (internal/async_hooks.js:130:17)
[02/06/2022, 20:23:55 ERROR] (unknown): 
[02/06/2022, 20:24:26 ERROR] (unknown): Uncaught Exception (process.on handle) TypeError [ERR_INVALID_CALLBACK]: Callback must be a function. Received undefined
[02/06/2022, 20:24:26 ERROR] (unknown):     at new NodeError (internal/errors.js:322:7)
[02/06/2022, 20:24:26 ERROR] (unknown):     at makeCallback (fs.js:176:11)
[02/06/2022, 20:24:26 ERROR] (unknown):     at Object.unlink (fs.js:1244:14)
[02/06/2022, 20:24:26 ERROR] (unknown):     at c:\Users\Sylicium\Documents\devlopement\Cle USB de dev\#41 Jarvis\V4\V4.1\node_modules\picotts\index.js:18:6
[02/06/2022, 20:24:26 ERROR] (unknown):     at ChildProcess.exithandler (child_process.js:390:5)
[02/06/2022, 20:24:26 ERROR] (unknown):     at ChildProcess.emit (events.js:400:28)
[02/06/2022, 20:24:26 ERROR] (unknown):     at maybeClose (internal/child_process.js:1058:16)
[02/06/2022, 20:24:26 ERROR] (unknown):     at Process.ChildProcess._handle.onexit (internal/child_process.js:293:5)
[02/06/2022, 20:24:26 ERROR] (unknown):     at Process.callbackTrampoline (internal/async_hooks.js:130:17)
[02/06/2022, 20:24:26 ERROR] (unknown): 
[02/06/2022, 20:24:36 ERROR] (unknown): Uncaught Exception (process.on handle) TypeError [ERR_INVALID_CALLBACK]: Callback must be a function. Received undefined
[02/06/2022, 20:24:36 ERROR] (unknown):     at new NodeError (internal/errors.js:322:7)
[02/06/2022, 20:24:36 ERROR] (unknown):     at makeCallback (fs.js:176:11)
[02/06/2022, 20:24:36 ERROR] (unknown):     at Object.unlink (fs.js:1244:14)
[02/06/2022, 20:24:36 ERROR] (unknown):     at c:\Users\Sylicium\Documents\devlopement\Cle USB de dev\#41 Jarvis\V4\V4.1\node_modules\picotts\index.js:18:6
[02/06/2022, 20:24:36 ERROR] (unknown):     at ChildProcess.exithandler (child_process.js:390:5)
[02/06/2022, 20:24:36 ERROR] (unknown):     at ChildProcess.emit (events.js:400:28)
[02/06/2022, 20:24:36 ERROR] (unknown):     at maybeClose (internal/child_process.js:1058:16)
[02/06/2022, 20:24:36 ERROR] (unknown):     at Socket.<anonymous> (internal/child_process.js:443:11)
[02/06/2022, 20:24:36 ERROR] (unknown):     at Socket.emit (events.js:400:28)
[02/06/2022, 20:24:36 ERROR] (unknown):     at Pipe.<anonymous> (net.js:686:12)
[02/06/2022, 20:24:36 ERROR] (unknown): 
[02/06/2022, 20:25:08 ERROR] (unknown): Uncaught Exception (process.on handle) TypeError [ERR_INVALID_CALLBACK]: Callback must be a function. Received undefined
[02/06/2022, 20:25:08 ERROR] (unknown):     at new NodeError (internal/errors.js:322:7)
[02/06/2022, 20:25:08 ERROR] (unknown):     at makeCallback (fs.js:176:11)
[02/06/2022, 20:25:08 ERROR] (unknown):     at Object.unlink (fs.js:1244:14)
[02/06/2022, 20:25:08 ERROR] (unknown):     at c:\Users\Sylicium\Documents\devlopement\Cle USB de dev\#41 Jarvis\V4\V4.1\node_modules\picotts\index.js:18:6
[02/06/2022, 20:25:08 ERROR] (unknown):     at ChildProcess.exithandler (child_process.js:390:5)
[02/06/2022, 20:25:08 ERROR] (unknown):     at ChildProcess.emit (events.js:400:28)
[02/06/2022, 20:25:08 ERROR] (unknown):     at maybeClose (internal/child_process.js:1058:16)
[02/06/2022, 20:25:08 ERROR] (unknown):     at Socket.<anonymous> (internal/child_process.js:443:11)
[02/06/2022, 20:25:08 ERROR] (unknown):     at Socket.emit (events.js:400:28)
[02/06/2022, 20:25:08 ERROR] (unknown):     at Pipe.<anonymous> (net.js:686:12)
[02/06/2022, 20:25:08 ERROR] (unknown): 
[02/06/2022, 20:28:39 ERROR] (unknown): /!\ UNCAUGH ERROR /!\ TypeError: Speech is not a constructor
[02/06/2022, 20:28:39 ERROR] (unknown):     at Object.<anonymous> (c:\Users\Sylicium\Documents\devlopement\Cle USB de dev\#41 Jarvis\V4\V4.1\jarvis.js:8:16)
[02/06/2022, 20:28:39 ERROR] (unknown):     at Module._compile (internal/modules/cjs/loader.js:1085:14)
[02/06/2022, 20:28:39 ERROR] (unknown):     at Object.Module._extensions..js (internal/modules/cjs/loader.js:1114:10)
[02/06/2022, 20:28:39 ERROR] (unknown):     at Module.load (internal/modules/cjs/loader.js:950:32)
[02/06/2022, 20:28:39 ERROR] (unknown):     at Function.Module._load (internal/modules/cjs/loader.js:790:12)
[02/06/2022, 20:28:39 ERROR] (unknown):     at Module.require (internal/modules/cjs/loader.js:974:19)
[02/06/2022, 20:28:39 ERROR] (unknown):     at require (internal/modules/cjs/helpers.js:93:18)
[02/06/2022, 20:28:39 ERROR] (unknown):     at Object.<anonymous> (c:\Users\Sylicium\Documents\devlopement\Cle USB de dev\#41 Jarvis\V4\V4.1\server.js:20:16)
[02/06/2022, 20:28:39 ERROR] (unknown):     at Module._compile (internal/modules/cjs/loader.js:1085:14)
[02/06/2022, 20:28:39 ERROR] (unknown):     at Object.Module._extensions..js (internal/modules/cjs/loader.js:1114:10)
[02/06/2022, 20:28:39 ERROR] (unknown): 
[02/06/2022, 20:29:31 ERROR] (unknown): /!\ UNCAUGH ERROR /!\ TypeError: Speech is not a function
[02/06/2022, 20:29:31 ERROR] (unknown):     at Object.<anonymous> (c:\Users\Sylicium\Documents\devlopement\Cle USB de dev\#41 Jarvis\V4\V4.1\jarvis.js:8:16)
[02/06/2022, 20:29:31 ERROR] (unknown):     at Module._compile (internal/modules/cjs/loader.js:1085:14)
[02/06/2022, 20:29:31 ERROR] (unknown):     at Object.Module._extensions..js (internal/modules/cjs/loader.js:1114:10)
[02/06/2022, 20:29:31 ERROR] (unknown):     at Module.load (internal/modules/cjs/loader.js:950:32)
[02/06/2022, 20:29:31 ERROR] (unknown):     at Function.Module._load (internal/modules/cjs/loader.js:790:12)
[02/06/2022, 20:29:31 ERROR] (unknown):     at Module.require (internal/modules/cjs/loader.js:974:19)
[02/06/2022, 20:29:31 ERROR] (unknown):     at require (internal/modules/cjs/helpers.js:93:18)
[02/06/2022, 20:29:31 ERROR] (unknown):     at Object.<anonymous> (c:\Users\Sylicium\Documents\devlopement\Cle USB de dev\#41 Jarvis\V4\V4.1\server.js:20:16)
[02/06/2022, 20:29:31 ERROR] (unknown):     at Module._compile (internal/modules/cjs/loader.js:1085:14)
[02/06/2022, 20:29:31 ERROR] (unknown):     at Object.Module._extensions..js (internal/modules/cjs/loader.js:1114:10)
[02/06/2022, 20:29:31 ERROR] (unknown): 
[02/06/2022, 20:29:39 ERROR] (unknown): /!\ UNCAUGH ERROR /!\ TypeError: Speech.Speech is not a constructor
[02/06/2022, 20:29:39 ERROR] (unknown):     at Object.<anonymous> (c:\Users\Sylicium\Documents\devlopement\Cle USB de dev\#41 Jarvis\V4\V4.1\jarvis.js:8:16)
[02/06/2022, 20:29:39 ERROR] (unknown):     at Module._compile (internal/modules/cjs/loader.js:1085:14)
[02/06/2022, 20:29:39 ERROR] (unknown):     at Object.Module._extensions..js (internal/modules/cjs/loader.js:1114:10)
[02/06/2022, 20:29:39 ERROR] (unknown):     at Module.load (internal/modules/cjs/loader.js:950:32)
[02/06/2022, 20:29:39 ERROR] (unknown):     at Function.Module._load (internal/modules/cjs/loader.js:790:12)
[02/06/2022, 20:29:39 ERROR] (unknown):     at Module.require (internal/modules/cjs/loader.js:974:19)
[02/06/2022, 20:29:39 ERROR] (unknown):     at require (internal/modules/cjs/helpers.js:93:18)
[02/06/2022, 20:29:39 ERROR] (unknown):     at Object.<anonymous> (c:\Users\Sylicium\Documents\devlopement\Cle USB de dev\#41 Jarvis\V4\V4.1\server.js:20:16)
[02/06/2022, 20:29:39 ERROR] (unknown):     at Module._compile (internal/modules/cjs/loader.js:1085:14)
[02/06/2022, 20:29:39 ERROR] (unknown):     at Object.Module._extensions..js (internal/modules/cjs/loader.js:1114:10)
[02/06/2022, 20:29:39 ERROR] (unknown): 
[02/06/2022, 20:31:19 ERROR] (unknown): /!\ UNCAUGH ERROR /!\ c:\Users\Sylicium\Documents\devlopement\Cle USB de dev\#41 Jarvis\V4\V4.1\node_modules\react-native-tts\index.js:1
[02/06/2022, 20:31:19 ERROR] (unknown): import { NativeModules, NativeEventEmitter, Platform } from 'react-native';
[02/06/2022, 20:31:19 ERROR] (unknown): ^^^^^^
[02/06/2022, 20:31:19 ERROR] (unknown): 
[02/06/2022, 20:31:19 ERROR] (unknown): SyntaxError: Cannot use import statement outside a module
[02/06/2022, 20:31:19 ERROR] (unknown):     at wrapSafe (internal/modules/cjs/loader.js:1001:16)
[02/06/2022, 20:31:19 ERROR] (unknown):     at Module._compile (internal/modules/cjs/loader.js:1049:27)
[02/06/2022, 20:31:19 ERROR] (unknown):     at Object.Module._extensions..js (internal/modules/cjs/loader.js:1114:10)
[02/06/2022, 20:31:19 ERROR] (unknown):     at Module.load (internal/modules/cjs/loader.js:950:32)
[02/06/2022, 20:31:19 ERROR] (unknown):     at Function.Module._load (internal/modules/cjs/loader.js:790:12)
[02/06/2022, 20:31:19 ERROR] (unknown):     at Module.require (internal/modules/cjs/loader.js:974:19)
[02/06/2022, 20:31:19 ERROR] (unknown):     at require (internal/modules/cjs/helpers.js:93:18)
[02/06/2022, 20:31:19 ERROR] (unknown):     at Object.<anonymous> (c:\Users\Sylicium\Documents\devlopement\Cle USB de dev\#41 Jarvis\V4\V4.1\jarvis.js:8:11)
[02/06/2022, 20:31:19 ERROR] (unknown):     at Module._compile (internal/modules/cjs/loader.js:1085:14)
[02/06/2022, 20:31:19 ERROR] (unknown):     at Object.Module._extensions..js (internal/modules/cjs/loader.js:1114:10)
[02/06/2022, 20:31:19 ERROR] (unknown): 
[02/06/2022, 20:33:08 ERROR] (unknown): Uncaught Exception (process.on handle) TypeError [ERR_INVALID_CALLBACK]: Callback must be a function. Received undefined
[02/06/2022, 20:33:08 ERROR] (unknown):     at new NodeError (internal/errors.js:322:7)
[02/06/2022, 20:33:08 ERROR] (unknown):     at makeCallback (fs.js:176:11)
[02/06/2022, 20:33:08 ERROR] (unknown):     at Object.unlink (fs.js:1244:14)
[02/06/2022, 20:33:08 ERROR] (unknown):     at c:\Users\Sylicium\Documents\devlopement\Cle USB de dev\#41 Jarvis\V4\V4.1\node_modules\picotts\index.js:18:6
[02/06/2022, 20:33:08 ERROR] (unknown):     at ChildProcess.exithandler (child_process.js:390:5)
[02/06/2022, 20:33:08 ERROR] (unknown):     at ChildProcess.emit (events.js:400:28)
[02/06/2022, 20:33:08 ERROR] (unknown):     at maybeClose (internal/child_process.js:1058:16)
[02/06/2022, 20:33:08 ERROR] (unknown):     at Process.ChildProcess._handle.onexit (internal/child_process.js:293:5)
[02/06/2022, 20:33:08 ERROR] (unknown):     at Process.callbackTrampoline (internal/async_hooks.js:130:17)
[02/06/2022, 20:33:08 ERROR] (unknown): 
[02/06/2022, 20:33:29 ERROR] (unknown): Uncaught Exception (process.on handle) TypeError [ERR_INVALID_CALLBACK]: Callback must be a function. Received undefined
[02/06/2022, 20:33:29 ERROR] (unknown):     at new NodeError (internal/errors.js:322:7)
[02/06/2022, 20:33:29 ERROR] (unknown):     at makeCallback (fs.js:176:11)
[02/06/2022, 20:33:29 ERROR] (unknown):     at Object.unlink (fs.js:1244:14)
[02/06/2022, 20:33:29 ERROR] (unknown):     at c:\Users\Sylicium\Documents\devlopement\Cle USB de dev\#41 Jarvis\V4\V4.1\node_modules\picotts\index.js:18:6
[02/06/2022, 20:33:29 ERROR] (unknown):     at ChildProcess.exithandler (child_process.js:390:5)
[02/06/2022, 20:33:29 ERROR] (unknown):     at ChildProcess.emit (events.js:400:28)
[02/06/2022, 20:33:29 ERROR] (unknown):     at maybeClose (internal/child_process.js:1058:16)
[02/06/2022, 20:33:29 ERROR] (unknown):     at Process.ChildProcess._handle.onexit (internal/child_process.js:293:5)
[02/06/2022, 20:33:29 ERROR] (unknown):     at Process.callbackTrampoline (internal/async_hooks.js:130:17)
[02/06/2022, 20:33:29 ERROR] (unknown): 
[02/06/2022, 20:34:35 ERROR] (unknown): Uncaught Exception (process.on handle) TypeError [ERR_INVALID_CALLBACK]: Callback must be a function. Received undefined
[02/06/2022, 20:34:35 ERROR] (unknown):     at new NodeError (internal/errors.js:322:7)
[02/06/2022, 20:34:35 ERROR] (unknown):     at makeCallback (fs.js:176:11)
[02/06/2022, 20:34:35 ERROR] (unknown):     at Object.unlink (fs.js:1244:14)
[02/06/2022, 20:34:35 ERROR] (unknown):     at c:\Users\Sylicium\Documents\devlopement\Cle USB de dev\#41 Jarvis\V4\V4.1\node_modules\picotts\index.js:17:6
[02/06/2022, 20:34:35 ERROR] (unknown):     at ChildProcess.exithandler (child_process.js:390:5)
[02/06/2022, 20:34:35 ERROR] (unknown):     at ChildProcess.emit (events.js:400:28)
[02/06/2022, 20:34:35 ERROR] (unknown):     at maybeClose (internal/child_process.js:1058:16)
[02/06/2022, 20:34:35 ERROR] (unknown):     at Process.ChildProcess._handle.onexit (internal/child_process.js:293:5)
[02/06/2022, 20:34:35 ERROR] (unknown):     at Process.callbackTrampoline (internal/async_hooks.js:130:17)
[02/06/2022, 20:34:35 ERROR] (unknown): 
[02/06/2022, 20:34:57 ERROR] (unknown): Uncaught Exception (process.on handle) TypeError [ERR_INVALID_CALLBACK]: Callback must be a function. Received undefined
[02/06/2022, 20:34:57 ERROR] (unknown):     at new NodeError (internal/errors.js:322:7)
[02/06/2022, 20:34:57 ERROR] (unknown):     at makeCallback (fs.js:176:11)
[02/06/2022, 20:34:57 ERROR] (unknown):     at Object.unlink (fs.js:1244:14)
[02/06/2022, 20:34:57 ERROR] (unknown):     at c:\Users\Sylicium\Documents\devlopement\Cle USB de dev\#41 Jarvis\V4\V4.1\node_modules\picotts\index.js:17:6
[02/06/2022, 20:34:57 ERROR] (unknown):     at ChildProcess.exithandler (child_process.js:390:5)
[02/06/2022, 20:34:57 ERROR] (unknown):     at ChildProcess.emit (events.js:400:28)
[02/06/2022, 20:34:57 ERROR] (unknown):     at maybeClose (internal/child_process.js:1058:16)
[02/06/2022, 20:34:57 ERROR] (unknown):     at Process.ChildProcess._handle.onexit (internal/child_process.js:293:5)
[02/06/2022, 20:34:57 ERROR] (unknown):     at Process.callbackTrampoline (internal/async_hooks.js:130:17)
[02/06/2022, 20:34:57 ERROR] (unknown): 
[02/06/2022, 20:38:38 ERROR] (unknown): /!\ UNCAUGH ERROR /!\ c:\Users\Sylicium\Documents\devlopement\Cle USB de dev\#41 Jarvis\V4\V4.1\jarvis.js:16
[02/06/2022, 20:38:38 ERROR] (unknown): let tts = (pond_list) => {
[02/06/2022, 20:38:38 ERROR] (unknown):     ^
[02/06/2022, 20:38:38 ERROR] (unknown): 
[02/06/2022, 20:38:38 ERROR] (unknown): SyntaxError: Identifier 'tts' has already been declared
[02/06/2022, 20:38:38 ERROR] (unknown):     at wrapSafe (internal/modules/cjs/loader.js:1001:16)
[02/06/2022, 20:38:38 ERROR] (unknown):     at Module._compile (internal/modules/cjs/loader.js:1049:27)
[02/06/2022, 20:38:38 ERROR] (unknown):     at Object.Module._extensions..js (internal/modules/cjs/loader.js:1114:10)
[02/06/2022, 20:38:38 ERROR] (unknown):     at Module.load (internal/modules/cjs/loader.js:950:32)
[02/06/2022, 20:38:38 ERROR] (unknown):     at Function.Module._load (internal/modules/cjs/loader.js:790:12)
[02/06/2022, 20:38:38 ERROR] (unknown):     at Module.require (internal/modules/cjs/loader.js:974:19)
[02/06/2022, 20:38:38 ERROR] (unknown):     at require (internal/modules/cjs/helpers.js:93:18)
[02/06/2022, 20:38:38 ERROR] (unknown):     at Object.<anonymous> (c:\Users\Sylicium\Documents\devlopement\Cle USB de dev\#41 Jarvis\V4\V4.1\server.js:20:16)
[02/06/2022, 20:38:38 ERROR] (unknown):     at Module._compile (internal/modules/cjs/loader.js:1085:14)
[02/06/2022, 20:38:38 ERROR] (unknown):     at Object.Module._extensions..js (internal/modules/cjs/loader.js:1114:10)
[02/06/2022, 20:38:38 ERROR] (unknown): 
[02/06/2022, 20:38:52 ERROR] (unknown): /!\ UNCAUGH ERROR /!\ Error: Cannot find module 'talkify-tts'
[02/06/2022, 20:38:52 ERROR] (unknown): Require stack:
[02/06/2022, 20:38:52 ERROR] (unknown): - c:\Users\Sylicium\Documents\devlopement\Cle USB de dev\#41 Jarvis\V4\V4.1\jarvis.js
[02/06/2022, 20:38:52 ERROR] (unknown): - c:\Users\Sylicium\Documents\devlopement\Cle USB de dev\#41 Jarvis\V4\V4.1\server.js
[02/06/2022, 20:38:52 ERROR] (unknown): - c:\Users\Sylicium\Documents\devlopement\Cle USB de dev\#41 Jarvis\V4\V4.1\index.js
[02/06/2022, 20:38:52 ERROR] (unknown):     at Function.Module._resolveFilename (internal/modules/cjs/loader.js:902:15)
[02/06/2022, 20:38:52 ERROR] (unknown):     at Function.Module._load (internal/modules/cjs/loader.js:746:27)
[02/06/2022, 20:38:52 ERROR] (unknown):     at Module.require (internal/modules/cjs/loader.js:974:19)
[02/06/2022, 20:38:52 ERROR] (unknown):     at require (internal/modules/cjs/helpers.js:93:18)
[02/06/2022, 20:38:52 ERROR] (unknown):     at Object.<anonymous> (c:\Users\Sylicium\Documents\devlopement\Cle USB de dev\#41 Jarvis\V4\V4.1\jarvis.js:8:14)
[02/06/2022, 20:38:52 ERROR] (unknown):     at Module._compile (internal/modules/cjs/loader.js:1085:14)
[02/06/2022, 20:38:52 ERROR] (unknown):     at Object.Module._extensions..js (internal/modules/cjs/loader.js:1114:10)
[02/06/2022, 20:38:52 ERROR] (unknown):     at Module.load (internal/modules/cjs/loader.js:950:32)
[02/06/2022, 20:38:52 ERROR] (unknown):     at Function.Module._load (internal/modules/cjs/loader.js:790:12)
[02/06/2022, 20:38:52 ERROR] (unknown):     at Module.require (internal/modules/cjs/loader.js:974:19)
[02/06/2022, 20:38:52 ERROR] (unknown): 
[02/06/2022, 20:59:28 ERROR] (unknown): /!\ UNCAUGH ERROR /!\ ReferenceError: window is not defined
[02/06/2022, 20:59:28 ERROR] (unknown):     at TTS (c:\Users\Sylicium\Documents\devlopement\Cle USB de dev\#41 Jarvis\V4\V4.1\node_modules\text-to-speech-offline\dist\index.js:3:21)
[02/06/2022, 20:59:28 ERROR] (unknown):     at Object.<anonymous> (c:\Users\Sylicium\Documents\devlopement\Cle USB de dev\#41 Jarvis\V4\V4.1\jarvis.js:15:1)
[02/06/2022, 20:59:28 ERROR] (unknown):     at Module._compile (internal/modules/cjs/loader.js:1085:14)
[02/06/2022, 20:59:28 ERROR] (unknown):     at Object.Module._extensions..js (internal/modules/cjs/loader.js:1114:10)
[02/06/2022, 20:59:28 ERROR] (unknown):     at Module.load (internal/modules/cjs/loader.js:950:32)
[02/06/2022, 20:59:28 ERROR] (unknown):     at Function.Module._load (internal/modules/cjs/loader.js:790:12)
[02/06/2022, 20:59:28 ERROR] (unknown):     at Module.require (internal/modules/cjs/loader.js:974:19)
[02/06/2022, 20:59:28 ERROR] (unknown):     at require (internal/modules/cjs/helpers.js:93:18)
[02/06/2022, 20:59:28 ERROR] (unknown):     at Object.<anonymous> (c:\Users\Sylicium\Documents\devlopement\Cle USB de dev\#41 Jarvis\V4\V4.1\server.js:20:16)
[02/06/2022, 20:59:28 ERROR] (unknown):     at Module._compile (internal/modules/cjs/loader.js:1085:14)
[02/06/2022, 20:59:28 ERROR] (unknown): 
[02/06/2022, 22:23:56 ERROR] (unknown): Uncaught Exception (process.on handle) Error: connect ETIMEDOUT 216.58.209.238:443
[02/06/2022, 22:23:56 ERROR] (unknown):     at TCPConnectWrap.afterConnect [as oncomplete] (net.js:1159:16)
[02/06/2022, 22:23:56 ERROR] (unknown):     at TCPConnectWrap.callbackTrampoline (internal/async_hooks.js:130:17)
[02/06/2022, 22:23:56 ERROR] (unknown): 
[02/06/2022, 22:23:56 ERROR] (unknown): Uncaught Exception (process.on handle) Error: connect ETIMEDOUT 216.58.209.238:443
[02/06/2022, 22:23:56 ERROR] (unknown):     at TCPConnectWrap.afterConnect [as oncomplete] (net.js:1159:16)
[02/06/2022, 22:23:56 ERROR] (unknown):     at TCPConnectWrap.callbackTrampoline (internal/async_hooks.js:130:17)
[02/06/2022, 22:23:56 ERROR] (unknown): 
[03/06/2022, 16:16:35 ERROR] (unknown): /!\ UNCAUGH ERROR /!\ Error: Cannot find module './node_modules/windows-tray/build/Release/tray'
[03/06/2022, 16:16:35 ERROR] (unknown): Require stack:
[03/06/2022, 16:16:35 ERROR] (unknown): - c:\Users\Sylicium\Documents\devlopement\Cle USB de dev\#41 Jarvis\V4\V4.1\localModules\windowsTrayMenu.js
[03/06/2022, 16:16:35 ERROR] (unknown): - c:\Users\Sylicium\Documents\devlopement\Cle USB de dev\#41 Jarvis\V4\V4.1\index.js
[03/06/2022, 16:16:35 ERROR] (unknown):     at Function.Module._resolveFilename (internal/modules/cjs/loader.js:902:15)
[03/06/2022, 16:16:35 ERROR] (unknown):     at Function.Module._load (internal/modules/cjs/loader.js:746:27)
[03/06/2022, 16:16:35 ERROR] (unknown):     at Module.require (internal/modules/cjs/loader.js:974:19)
[03/06/2022, 16:16:35 ERROR] (unknown):     at require (internal/modules/cjs/helpers.js:93:18)
[03/06/2022, 16:16:35 ERROR] (unknown):     at Object.<anonymous> (c:\Users\Sylicium\Documents\devlopement\Cle USB de dev\#41 Jarvis\V4\V4.1\localModules\windowsTrayMenu.js:6:18)
[03/06/2022, 16:16:35 ERROR] (unknown):     at Module._compile (internal/modules/cjs/loader.js:1085:14)
[03/06/2022, 16:16:35 ERROR] (unknown):     at Object.Module._extensions..js (internal/modules/cjs/loader.js:1114:10)
[03/06/2022, 16:16:35 ERROR] (unknown):     at Module.load (internal/modules/cjs/loader.js:950:32)
[03/06/2022, 16:16:35 ERROR] (unknown):     at Function.Module._load (internal/modules/cjs/loader.js:790:12)
[03/06/2022, 16:16:35 ERROR] (unknown):     at Module.require (internal/modules/cjs/loader.js:974:19)
[03/06/2022, 16:16:35 ERROR] (unknown): 
[03/06/2022, 16:17:39 ERROR] (unknown): Uncaught Exception (process.on handle) Error: listen EADDRINUSE: address already in use :::1111
[03/06/2022, 16:17:39 ERROR] (unknown):     at Server.setupListenHandle [as _listen2] (net.js:1331:16)
[03/06/2022, 16:17:39 ERROR] (unknown):     at listenInCluster (net.js:1379:12)
[03/06/2022, 16:17:39 ERROR] (unknown):     at Server.listen (net.js:1465:7)
[03/06/2022, 16:17:39 ERROR] (unknown):     at Object.module.exports.start (C:\Users\Sylicium\Documents\devlopement\Cle USB de dev\#41 Jarvis\V4\V4.1\server.js:118:10)
[03/06/2022, 16:17:39 ERROR] (unknown):     at _allCode (C:\Users\Sylicium\Documents\devlopement\Cle USB de dev\#41 Jarvis\V4\V4.1\index.js:99:8)
[03/06/2022, 16:17:39 ERROR] (unknown):     at Object.<anonymous> (C:\Users\Sylicium\Documents\devlopement\Cle USB de dev\#41 Jarvis\V4\V4.1\index.js:33:1)
[03/06/2022, 16:17:39 ERROR] (unknown):     at Module._compile (internal/modules/cjs/loader.js:1085:14)
[03/06/2022, 16:17:39 ERROR] (unknown):     at Object.Module._extensions..js (internal/modules/cjs/loader.js:1114:10)
[03/06/2022, 16:17:39 ERROR] (unknown):     at Module.load (internal/modules/cjs/loader.js:950:32)
[03/06/2022, 16:17:39 ERROR] (unknown):     at Function.Module._load (internal/modules/cjs/loader.js:790:12)
[03/06/2022, 16:17:39 ERROR] (unknown): 
[03/06/2022, 16:17:44 ERROR] (unknown): Uncaught Exception (process.on handle) Error: listen EADDRINUSE: address already in use :::1111
[03/06/2022, 16:17:44 ERROR] (unknown):     at Server.setupListenHandle [as _listen2] (net.js:1331:16)
[03/06/2022, 16:17:44 ERROR] (unknown):     at listenInCluster (net.js:1379:12)
[03/06/2022, 16:17:44 ERROR] (unknown):     at Server.listen (net.js:1465:7)
[03/06/2022, 16:17:44 ERROR] (unknown):     at Object.module.exports.start (C:\Users\Sylicium\Documents\devlopement\Cle USB de dev\#41 Jarvis\V4\V4.1\server.js:118:10)
[03/06/2022, 16:17:44 ERROR] (unknown):     at _allCode (C:\Users\Sylicium\Documents\devlopement\Cle USB de dev\#41 Jarvis\V4\V4.1\index.js:99:8)
[03/06/2022, 16:17:44 ERROR] (unknown):     at Object.<anonymous> (C:\Users\Sylicium\Documents\devlopement\Cle USB de dev\#41 Jarvis\V4\V4.1\index.js:33:1)
[03/06/2022, 16:17:44 ERROR] (unknown):     at Module._compile (internal/modules/cjs/loader.js:1085:14)
[03/06/2022, 16:17:44 ERROR] (unknown):     at Object.Module._extensions..js (internal/modules/cjs/loader.js:1114:10)
[03/06/2022, 16:17:44 ERROR] (unknown):     at Module.load (internal/modules/cjs/loader.js:950:32)
[03/06/2022, 16:17:44 ERROR] (unknown):     at Function.Module._load (internal/modules/cjs/loader.js:790:12)
[03/06/2022, 16:17:44 ERROR] (unknown): 
[03/06/2022, 18:07:37 ERROR] (unknown): /!\ UNCAUGH ERROR /!\ Error: Cannot find module './commands/computer_power_cmd'
[03/06/2022, 18:07:37 ERROR] (unknown): Require stack:
[03/06/2022, 18:07:37 ERROR] (unknown): - c:\Users\Sylicium\Documents\devlopement\Cle USB de dev\#41 Jarvis\V4\V4.1\jarvis.js
[03/06/2022, 18:07:37 ERROR] (unknown): - c:\Users\Sylicium\Documents\devlopement\Cle USB de dev\#41 Jarvis\V4\V4.1\index.js
[03/06/2022, 18:07:37 ERROR] (unknown):     at Function.Module._resolveFilename (internal/modules/cjs/loader.js:902:15)
[03/06/2022, 18:07:37 ERROR] (unknown):     at Function.Module._load (internal/modules/cjs/loader.js:746:27)
[03/06/2022, 18:07:37 ERROR] (unknown):     at Module.require (internal/modules/cjs/loader.js:974:19)
[03/06/2022, 18:07:37 ERROR] (unknown):     at require (internal/modules/cjs/helpers.js:93:18)
[03/06/2022, 18:07:37 ERROR] (unknown):     at c:\Users\Sylicium\Documents\devlopement\Cle USB de dev\#41 Jarvis\V4\V4.1\jarvis.js:32:31
[03/06/2022, 18:07:37 ERROR] (unknown):     at Array.forEach (<anonymous>)
[03/06/2022, 18:07:37 ERROR] (unknown):     at getRequireListOfDirectory (c:\Users\Sylicium\Documents\devlopement\Cle USB de dev\#41 Jarvis\V4\V4.1\jarvis.js:26:26)
[03/06/2022, 18:07:37 ERROR] (unknown):     at new createJarvis (c:\Users\Sylicium\Documents\devlopement\Cle USB de dev\#41 Jarvis\V4\V4.1\jarvis.js:60:25)
[03/06/2022, 18:07:37 ERROR] (unknown):     at Object.<anonymous> (c:\Users\Sylicium\Documents\devlopement\Cle USB de dev\#41 Jarvis\V4\V4.1\jarvis.js:164:22)
[03/06/2022, 18:07:37 ERROR] (unknown):     at Module._compile (internal/modules/cjs/loader.js:1085:14)
[03/06/2022, 18:07:37 ERROR] (unknown): 
[03/06/2022, 18:08:24 ERROR] (unknown): /!\ UNCAUGH ERROR /!\ ReferenceError: Cannot access 'commandObject' before initialization
[03/06/2022, 18:08:24 ERROR] (unknown):     at c:\Users\Sylicium\Documents\devlopement\Cle USB de dev\#41 Jarvis\V4\V4.1\jarvis.js:33:27
[03/06/2022, 18:08:24 ERROR] (unknown):     at Array.forEach (<anonymous>)
[03/06/2022, 18:08:24 ERROR] (unknown):     at getRequireListOfDirectory (c:\Users\Sylicium\Documents\devlopement\Cle USB de dev\#41 Jarvis\V4\V4.1\jarvis.js:26:26)
[03/06/2022, 18:08:24 ERROR] (unknown):     at new createJarvis (c:\Users\Sylicium\Documents\devlopement\Cle USB de dev\#41 Jarvis\V4\V4.1\jarvis.js:60:25)
[03/06/2022, 18:08:24 ERROR] (unknown):     at Object.<anonymous> (c:\Users\Sylicium\Documents\devlopement\Cle USB de dev\#41 Jarvis\V4\V4.1\jarvis.js:164:22)
[03/06/2022, 18:08:24 ERROR] (unknown):     at Module._compile (internal/modules/cjs/loader.js:1085:14)
[03/06/2022, 18:08:24 ERROR] (unknown):     at Object.Module._extensions..js (internal/modules/cjs/loader.js:1114:10)
[03/06/2022, 18:08:24 ERROR] (unknown):     at Module.load (internal/modules/cjs/loader.js:950:32)
[03/06/2022, 18:08:24 ERROR] (unknown):     at Function.Module._load (internal/modules/cjs/loader.js:790:12)
[03/06/2022, 18:08:24 ERROR] (unknown):     at Module.require (internal/modules/cjs/loader.js:974:19)
[03/06/2022, 18:08:24 ERROR] (unknown): 
[03/06/2022, 18:08:29 ERROR] (unknown): /!\ UNCAUGH ERROR /!\ ReferenceError: Cannot access 'commandObject' before initialization
[03/06/2022, 18:08:29 ERROR] (unknown):     at c:\Users\Sylicium\Documents\devlopement\Cle USB de dev\#41 Jarvis\V4\V4.1\jarvis.js:33:27
[03/06/2022, 18:08:29 ERROR] (unknown):     at Array.forEach (<anonymous>)
[03/06/2022, 18:08:29 ERROR] (unknown):     at getRequireListOfDirectory (c:\Users\Sylicium\Documents\devlopement\Cle USB de dev\#41 Jarvis\V4\V4.1\jarvis.js:26:26)
[03/06/2022, 18:08:29 ERROR] (unknown):     at new createJarvis (c:\Users\Sylicium\Documents\devlopement\Cle USB de dev\#41 Jarvis\V4\V4.1\jarvis.js:60:25)
[03/06/2022, 18:08:29 ERROR] (unknown):     at Object.<anonymous> (c:\Users\Sylicium\Documents\devlopement\Cle USB de dev\#41 Jarvis\V4\V4.1\jarvis.js:164:22)
[03/06/2022, 18:08:29 ERROR] (unknown):     at Module._compile (internal/modules/cjs/loader.js:1085:14)
[03/06/2022, 18:08:29 ERROR] (unknown):     at Object.Module._extensions..js (internal/modules/cjs/loader.js:1114:10)
[03/06/2022, 18:08:29 ERROR] (unknown):     at Module.load (internal/modules/cjs/loader.js:950:32)
[03/06/2022, 18:08:29 ERROR] (unknown):     at Function.Module._load (internal/modules/cjs/loader.js:790:12)
[03/06/2022, 18:08:29 ERROR] (unknown):     at Module.require (internal/modules/cjs/loader.js:974:19)
[03/06/2022, 18:08:29 ERROR] (unknown): 
[03/06/2022, 18:08:56 ERROR] (unknown): /!\ UNCAUGH ERROR /!\ TypeError: list.push is not a function
[03/06/2022, 18:08:56 ERROR] (unknown):     at c:\Users\Sylicium\Documents\devlopement\Cle USB de dev\#41 Jarvis\V4\V4.1\jarvis.js:85:18
[03/06/2022, 18:08:56 ERROR] (unknown):     at Array.forEach (<anonymous>)
[03/06/2022, 18:08:56 ERROR] (unknown):     at getRequireListOfDirectory (c:\Users\Sylicium\Documents\devlopement\Cle USB de dev\#41 Jarvis\V4\V4.1\jarvis.js:76:26)
[03/06/2022, 18:08:56 ERROR] (unknown):     at new createJarvis (c:\Users\Sylicium\Documents\devlopement\Cle USB de dev\#41 Jarvis\V4\V4.1\jarvis.js:110:25)
[03/06/2022, 18:08:56 ERROR] (unknown):     at Object.<anonymous> (c:\Users\Sylicium\Documents\devlopement\Cle USB de dev\#41 Jarvis\V4\V4.1\jarvis.js:214:22)
[03/06/2022, 18:08:56 ERROR] (unknown):     at Module._compile (internal/modules/cjs/loader.js:1085:14)
[03/06/2022, 18:08:56 ERROR] (unknown):     at Object.Module._extensions..js (internal/modules/cjs/loader.js:1114:10)
[03/06/2022, 18:08:56 ERROR] (unknown):     at Module.load (internal/modules/cjs/loader.js:950:32)
[03/06/2022, 18:08:56 ERROR] (unknown):     at Function.Module._load (internal/modules/cjs/loader.js:790:12)
[03/06/2022, 18:08:56 ERROR] (unknown):     at Module.require (internal/modules/cjs/loader.js:974:19)
[03/06/2022, 18:08:56 ERROR] (unknown): 
[03/06/2022, 18:16:41 ERROR] (unknown): /!\ UNCAUGH ERROR /!\ ReferenceError: Cannot access 'path' before initialization
[03/06/2022, 18:16:41 ERROR] (unknown):     at Object.<anonymous> (c:\Users\Sylicium\Documents\devlopement\Cle USB de dev\#41 Jarvis\V4\V4.1\localModules\windowsTrayMenu.js:9:21)
[03/06/2022, 18:16:41 ERROR] (unknown):     at Module._compile (internal/modules/cjs/loader.js:1085:14)
[03/06/2022, 18:16:41 ERROR] (unknown):     at Object.Module._extensions..js (internal/modules/cjs/loader.js:1114:10)
[03/06/2022, 18:16:41 ERROR] (unknown):     at Module.load (internal/modules/cjs/loader.js:950:32)
[03/06/2022, 18:16:41 ERROR] (unknown):     at Function.Module._load (internal/modules/cjs/loader.js:790:12)
[03/06/2022, 18:16:41 ERROR] (unknown):     at Module.require (internal/modules/cjs/loader.js:974:19)
[03/06/2022, 18:16:41 ERROR] (unknown):     at require (internal/modules/cjs/helpers.js:93:18)
[03/06/2022, 18:16:41 ERROR] (unknown):     at _allCode (c:\Users\Sylicium\Documents\devlopement\Cle USB de dev\#41 Jarvis\V4\V4.1\index.js:98:1)
[03/06/2022, 18:16:41 ERROR] (unknown):     at Object.<anonymous> (c:\Users\Sylicium\Documents\devlopement\Cle USB de dev\#41 Jarvis\V4\V4.1\index.js:33:1)
[03/06/2022, 18:16:41 ERROR] (unknown):     at Module._compile (internal/modules/cjs/loader.js:1085:14)
[03/06/2022, 18:16:41 ERROR] (unknown): 
[03/06/2022, 19:21:06 ERROR] (unknown): Unhandled Rejection (process.on handle) TypeError: Cannot read property 'exec' of undefined
[03/06/2022, 19:21:06 ERROR] (unknown):     at Object.function (c:\Users\Sylicium\Documents\devlopement\Cle USB de dev\#41 Jarvis\V4\V4.1\brain\commands\computer_power_cmd.js:82:20)
[03/06/2022, 19:21:06 ERROR] (unknown):     at Timeout._onTimeout (c:\Users\Sylicium\Documents\devlopement\Cle USB de dev\#41 Jarvis\V4\V4.1\jarvis.js:76:41)
[03/06/2022, 19:21:06 ERROR] (unknown):     at listOnTimeout (internal/timers.js:557:17)
[03/06/2022, 19:21:06 ERROR] (unknown):     at processTimers (internal/timers.js:500:7)
[03/06/2022, 19:21:06 ERROR] (unknown): 
[03/06/2022, 19:21:57 ERROR] (unknown): /!\ UNCAUGH ERROR /!\ c:\Users\Sylicium\Documents\devlopement\Cle USB de dev\#41 Jarvis\V4\V4.1\brain\commands\computer_power_cmd.js:120
[03/06/2022, 19:21:57 ERROR] (unknown):             { weight: 1, value: "L'ordinateur red√©marre" }
[03/06/2022, 19:21:57 ERROR] (unknown):             ^
[03/06/2022, 19:21:57 ERROR] (unknown): 
[03/06/2022, 19:21:57 ERROR] (unknown): SyntaxError: Unexpected token '{'
[03/06/2022, 19:21:57 ERROR] (unknown):     at wrapSafe (internal/modules/cjs/loader.js:1001:16)
[03/06/2022, 19:21:57 ERROR] (unknown):     at Module._compile (internal/modules/cjs/loader.js:1049:27)
[03/06/2022, 19:21:57 ERROR] (unknown):     at Object.Module._extensions..js (internal/modules/cjs/loader.js:1114:10)
[03/06/2022, 19:21:57 ERROR] (unknown):     at Module.load (internal/modules/cjs/loader.js:950:32)
[03/06/2022, 19:21:57 ERROR] (unknown):     at Function.Module._load (internal/modules/cjs/loader.js:790:12)
[03/06/2022, 19:21:57 ERROR] (unknown):     at Module.require (internal/modules/cjs/loader.js:974:19)
[03/06/2022, 19:21:57 ERROR] (unknown):     at require (internal/modules/cjs/helpers.js:93:18)
[03/06/2022, 19:21:57 ERROR] (unknown):     at c:\Users\Sylicium\Documents\devlopement\Cle USB de dev\#41 Jarvis\V4\V4.1\jarvis.js:95:31
[03/06/2022, 19:21:57 ERROR] (unknown):     at Array.forEach (<anonymous>)
[03/06/2022, 19:21:57 ERROR] (unknown):     at getRequireListOfDirectory (c:\Users\Sylicium\Documents\devlopement\Cle USB de dev\#41 Jarvis\V4\V4.1\jarvis.js:89:26)
[03/06/2022, 19:21:57 ERROR] (unknown): 
[03/06/2022, 19:22:25 ERROR] (unknown): Unhandled Rejection (process.on handle) TypeError: Cannot read property 'exec' of undefined
[03/06/2022, 19:22:25 ERROR] (unknown):     at Object.function (c:\Users\Sylicium\Documents\devlopement\Cle USB de dev\#41 Jarvis\V4\V4.1\brain\commands\computer_power_cmd.js:94:20)
[03/06/2022, 19:22:25 ERROR] (unknown):     at Timeout._onTimeout (c:\Users\Sylicium\Documents\devlopement\Cle USB de dev\#41 Jarvis\V4\V4.1\jarvis.js:76:41)
[03/06/2022, 19:22:25 ERROR] (unknown):     at listOnTimeout (internal/timers.js:557:17)
[03/06/2022, 19:22:25 ERROR] (unknown):     at processTimers (internal/timers.js:500:7)
[03/06/2022, 19:22:25 ERROR] (unknown): 
[03/06/2022, 19:23:58 ERROR] (unknown): Unhandled Rejection (process.on handle) TypeError: Cannot read property '_modules' of undefined
[03/06/2022, 19:23:58 ERROR] (unknown):     at Object.function (c:\Users\Sylicium\Documents\devlopement\Cle USB de dev\#41 Jarvis\V4\V4.1\brain\commands\computer_power_cmd.js:94:20)
[03/06/2022, 19:23:58 ERROR] (unknown):     at Timeout._onTimeout (c:\Users\Sylicium\Documents\devlopement\Cle USB de dev\#41 Jarvis\V4\V4.1\jarvis.js:77:41)
[03/06/2022, 19:23:58 ERROR] (unknown):     at listOnTimeout (internal/timers.js:557:17)
[03/06/2022, 19:23:58 ERROR] (unknown):     at processTimers (internal/timers.js:500:7)
[03/06/2022, 19:23:58 ERROR] (unknown): 
[03/06/2022, 19:43:00 ERROR] (unknown): Unhandled Rejection (process.on handle) ReferenceError: Jar is not defined
[03/06/2022, 19:43:00 ERROR] (unknown):     at Timeout._onTimeout (c:\Users\Sylicium\Documents\devlopement\Cle USB de dev\#41 Jarvis\V4\V4.1\jarvis.js:77:42)
[03/06/2022, 19:43:00 ERROR] (unknown):     at listOnTimeout (internal/timers.js:557:17)
[03/06/2022, 19:43:00 ERROR] (unknown):     at processTimers (internal/timers.js:500:7)
[03/06/2022, 19:43:00 ERROR] (unknown): 
[03/06/2022, 21:50:18 ERROR] (unknown): /!\ UNCAUGH ERROR /!\ TypeError: JarvisModules.actionManager is not a function
[03/06/2022, 21:50:18 ERROR] (unknown):     at new createJarvis (c:\Users\Sylicium\Documents\devlopement\Cle USB de dev\#41 Jarvis\V4\V4.1\jarvis.js:147:45)
[03/06/2022, 21:50:18 ERROR] (unknown):     at Object.<anonymous> (c:\Users\Sylicium\Documents\devlopement\Cle USB de dev\#41 Jarvis\V4\V4.1\jarvis.js:293:22)
[03/06/2022, 21:50:18 ERROR] (unknown):     at Module._compile (internal/modules/cjs/loader.js:1085:14)
[03/06/2022, 21:50:18 ERROR] (unknown):     at Object.Module._extensions..js (internal/modules/cjs/loader.js:1114:10)
[03/06/2022, 21:50:18 ERROR] (unknown):     at Module.load (internal/modules/cjs/loader.js:950:32)
[03/06/2022, 21:50:18 ERROR] (unknown):     at Function.Module._load (internal/modules/cjs/loader.js:790:12)
[03/06/2022, 21:50:18 ERROR] (unknown):     at Module.require (internal/modules/cjs/loader.js:974:19)
[03/06/2022, 21:50:18 ERROR] (unknown):     at require (internal/modules/cjs/helpers.js:93:18)
[03/06/2022, 21:50:18 ERROR] (unknown):     at _allCode (c:\Users\Sylicium\Documents\devlopement\Cle USB de dev\#41 Jarvis\V4\V4.1\index.js:96:14)
[03/06/2022, 21:50:18 ERROR] (unknown):     at Object.<anonymous> (c:\Users\Sylicium\Documents\devlopement\Cle USB de dev\#41 Jarvis\V4\V4.1\index.js:33:1)
[03/06/2022, 21:50:18 ERROR] (unknown): 
[03/06/2022, 21:54:18 ERROR] (unknown): /!\ UNCAUGH ERROR /!\ ReferenceError: args is not defined
[03/06/2022, 21:54:18 ERROR] (unknown):     at Object.debug (c:\Users\Sylicium\Documents\devlopement\Cle USB de dev\#41 Jarvis\V4\V4.1\jarvis.js:25:62)
[03/06/2022, 21:54:18 ERROR] (unknown):     at create_actionManager.testManager (c:\Users\Sylicium\Documents\devlopement\Cle USB de dev\#41 Jarvis\V4\V4.1\brain\modules\actionManager.js:19:41)
[03/06/2022, 21:54:18 ERROR] (unknown):     at new createJarvis (c:\Users\Sylicium\Documents\devlopement\Cle USB de dev\#41 Jarvis\V4\V4.1\jarvis.js:150:29)
[03/06/2022, 21:54:18 ERROR] (unknown):     at Object.<anonymous> (c:\Users\Sylicium\Documents\devlopement\Cle USB de dev\#41 Jarvis\V4\V4.1\jarvis.js:296:22)
[03/06/2022, 21:54:18 ERROR] (unknown):     at Module._compile (internal/modules/cjs/loader.js:1085:14)
[03/06/2022, 21:54:18 ERROR] (unknown):     at Object.Module._extensions..js (internal/modules/cjs/loader.js:1114:10)
[03/06/2022, 21:54:18 ERROR] (unknown):     at Module.load (internal/modules/cjs/loader.js:950:32)
[03/06/2022, 21:54:18 ERROR] (unknown):     at Function.Module._load (internal/modules/cjs/loader.js:790:12)
[03/06/2022, 21:54:18 ERROR] (unknown):     at Module.require (internal/modules/cjs/loader.js:974:19)
[03/06/2022, 21:54:18 ERROR] (unknown):     at require (internal/modules/cjs/helpers.js:93:18)
[03/06/2022, 21:54:18 ERROR] (unknown): 
[03/06/2022, 22:02:59 ERROR] (unknown): Uncaught Exception (process.on handle) Error: listen EADDRINUSE: address already in use :::1111
[03/06/2022, 22:02:59 ERROR] (unknown):     at Server.setupListenHandle [as _listen2] (net.js:1331:16)
[03/06/2022, 22:02:59 ERROR] (unknown):     at listenInCluster (net.js:1379:12)
[03/06/2022, 22:02:59 ERROR] (unknown):     at Server.listen (net.js:1465:7)
[03/06/2022, 22:02:59 ERROR] (unknown):     at Object.module.exports.start (C:\Users\Sylicium\Documents\devlopement\Cle USB de dev\#41 Jarvis\V4\V4.1\server.js:118:10)
[03/06/2022, 22:02:59 ERROR] (unknown):     at _allCode (C:\Users\Sylicium\Documents\devlopement\Cle USB de dev\#41 Jarvis\V4\V4.1\index.js:101:8)
[03/06/2022, 22:02:59 ERROR] (unknown):     at Object.<anonymous> (C:\Users\Sylicium\Documents\devlopement\Cle USB de dev\#41 Jarvis\V4\V4.1\index.js:33:1)
[03/06/2022, 22:02:59 ERROR] (unknown):     at Module._compile (internal/modules/cjs/loader.js:1085:14)
[03/06/2022, 22:02:59 ERROR] (unknown):     at Object.Module._extensions..js (internal/modules/cjs/loader.js:1114:10)
[03/06/2022, 22:02:59 ERROR] (unknown):     at Module.load (internal/modules/cjs/loader.js:950:32)
[03/06/2022, 22:02:59 ERROR] (unknown):     at Function.Module._load (internal/modules/cjs/loader.js:790:12)
[03/06/2022, 22:02:59 ERROR] (unknown): 
[03/06/2022, 23:08:37 ERROR] (unknown): Uncaught Exception (process.on handle) ReferenceError: path is not defined
[03/06/2022, 23:08:37 ERROR] (unknown):     at Object.test (C:\Users\Sylicium\Documents\devlopement\Cle USB de dev\#41 Jarvis\V4\V4.1\jarvis.js:176:35)
[03/06/2022, 23:08:37 ERROR] (unknown):     at Object.function (C:\Users\Sylicium\Documents\devlopement\Cle USB de dev\#41 Jarvis\V4\V4.1\localModules\windowsTrayMenu.js:26:26)
[03/06/2022, 23:08:37 ERROR] (unknown):     at C:\Users\Sylicium\Documents\devlopement\Cle USB de dev\#41 Jarvis\V4\V4.1\localModules\windowsTrayMenu.js:80:50
[03/06/2022, 23:08:37 ERROR] (unknown): 
[04/06/2022, 15:42:55 ERROR] (unknown): /!\ UNCAUGH ERROR /!\ TypeError: this._ActionManager.testManager is not a function
[04/06/2022, 15:42:55 ERROR] (unknown):     at new createJarvis (c:\Users\Sylicium\Documents\devlopement\Cle USB de dev\#41 Jarvis\V4\V4.2 - github\virtual-voice-assistant\jarvis.js:152:29)
[04/06/2022, 15:42:55 ERROR] (unknown):     at Object.<anonymous> (c:\Users\Sylicium\Documents\devlopement\Cle USB de dev\#41 Jarvis\V4\V4.2 - github\virtual-voice-assistant\jarvis.js:326:22)
[04/06/2022, 15:42:55 ERROR] (unknown):     at Module._compile (internal/modules/cjs/loader.js:1085:14)
[04/06/2022, 15:42:55 ERROR] (unknown):     at Object.Module._extensions..js (internal/modules/cjs/loader.js:1114:10)
[04/06/2022, 15:42:55 ERROR] (unknown):     at Module.load (internal/modules/cjs/loader.js:950:32)
[04/06/2022, 15:42:55 ERROR] (unknown):     at Function.Module._load (internal/modules/cjs/loader.js:790:12)
[04/06/2022, 15:42:55 ERROR] (unknown):     at Module.require (internal/modules/cjs/loader.js:974:19)
[04/06/2022, 15:42:55 ERROR] (unknown):     at require (internal/modules/cjs/helpers.js:93:18)
[04/06/2022, 15:42:55 ERROR] (unknown):     at _allCode (c:\Users\Sylicium\Documents\devlopement\Cle USB de dev\#41 Jarvis\V4\V4.2 - github\virtual-voice-assistant\index.js:96:14)
[04/06/2022, 15:42:55 ERROR] (unknown):     at Object.<anonymous> (c:\Users\Sylicium\Documents\devlopement\Cle USB de dev\#41 Jarvis\V4\V4.2 - github\virtual-voice-assistant\index.js:33:1)
[04/06/2022, 15:42:55 ERROR] (unknown): 
[04/06/2022, 15:44:05 ERROR] (unknown): /!\ UNCAUGH ERROR /!\ TypeError: Cannot read property 'getInfo' of undefined
[04/06/2022, 15:44:05 ERROR] (unknown):     at Object.<anonymous> (c:\Users\Sylicium\Documents\devlopement\Cle USB de dev\#41 Jarvis\V4\V4.2 - github\virtual-voice-assistant\localModules\windowsTrayMenu.js:49:35)
[04/06/2022, 15:44:05 ERROR] (unknown):     at Module._compile (internal/modules/cjs/loader.js:1085:14)
[04/06/2022, 15:44:05 ERROR] (unknown):     at Object.Module._extensions..js (internal/modules/cjs/loader.js:1114:10)
[04/06/2022, 15:44:05 ERROR] (unknown):     at Module.load (internal/modules/cjs/loader.js:950:32)
[04/06/2022, 15:44:05 ERROR] (unknown):     at Function.Module._load (internal/modules/cjs/loader.js:790:12)
[04/06/2022, 15:44:05 ERROR] (unknown):     at Module.require (internal/modules/cjs/loader.js:974:19)
[04/06/2022, 15:44:05 ERROR] (unknown):     at require (internal/modules/cjs/helpers.js:93:18)
[04/06/2022, 15:44:05 ERROR] (unknown):     at _allCode (c:\Users\Sylicium\Documents\devlopement\Cle USB de dev\#41 Jarvis\V4\V4.2 - github\virtual-voice-assistant\index.js:98:1)
[04/06/2022, 15:44:05 ERROR] (unknown):     at Object.<anonymous> (c:\Users\Sylicium\Documents\devlopement\Cle USB de dev\#41 Jarvis\V4\V4.2 - github\virtual-voice-assistant\index.js:33:1)
[04/06/2022, 15:44:05 ERROR] (unknown):     at Module._compile (internal/modules/cjs/loader.js:1085:14)
[04/06/2022, 15:44:05 ERROR] (unknown): 
[04/06/2022, 15:44:17 ERROR] (unknown): /!\ UNCAUGH ERROR /!\ TypeError: Cannot read property 'getInfo' of undefined
[04/06/2022, 15:44:17 ERROR] (unknown):     at Object.<anonymous> (c:\Users\Sylicium\Documents\devlopement\Cle USB de dev\#41 Jarvis\V4\V4.2 - github\virtual-voice-assistant\localModules\windowsTrayMenu.js:49:35)
[04/06/2022, 15:44:17 ERROR] (unknown):     at Module._compile (internal/modules/cjs/loader.js:1085:14)
[04/06/2022, 15:44:17 ERROR] (unknown):     at Object.Module._extensions..js (internal/modules/cjs/loader.js:1114:10)
[04/06/2022, 15:44:17 ERROR] (unknown):     at Module.load (internal/modules/cjs/loader.js:950:32)
[04/06/2022, 15:44:17 ERROR] (unknown):     at Function.Module._load (internal/modules/cjs/loader.js:790:12)
[04/06/2022, 15:44:17 ERROR] (unknown):     at Module.require (internal/modules/cjs/loader.js:974:19)
[04/06/2022, 15:44:17 ERROR] (unknown):     at require (internal/modules/cjs/helpers.js:93:18)
[04/06/2022, 15:44:17 ERROR] (unknown):     at _allCode (c:\Users\Sylicium\Documents\devlopement\Cle USB de dev\#41 Jarvis\V4\V4.2 - github\virtual-voice-assistant\index.js:98:1)
[04/06/2022, 15:44:17 ERROR] (unknown):     at Object.<anonymous> (c:\Users\Sylicium\Documents\devlopement\Cle USB de dev\#41 Jarvis\V4\V4.2 - github\virtual-voice-assistant\index.js:33:1)
[04/06/2022, 15:44:17 ERROR] (unknown):     at Module._compile (internal/modules/cjs/loader.js:1085:14)
[04/06/2022, 15:44:17 ERROR] (unknown): 
[04/06/2022, 15:44:24 ERROR] (unknown): /!\ UNCAUGH ERROR /!\ TypeError: Cannot read property 'getInfo' of undefined
[04/06/2022, 15:44:24 ERROR] (unknown):     at Object.<anonymous> (c:\Users\Sylicium\Documents\devlopement\Cle USB de dev\#41 Jarvis\V4\V4.2 - github\virtual-voice-assistant\localModules\windowsTrayMenu.js:49:35)
[04/06/2022, 15:44:24 ERROR] (unknown):     at Module._compile (internal/modules/cjs/loader.js:1085:14)
[04/06/2022, 15:44:24 ERROR] (unknown):     at Object.Module._extensions..js (internal/modules/cjs/loader.js:1114:10)
[04/06/2022, 15:44:24 ERROR] (unknown):     at Module.load (internal/modules/cjs/loader.js:950:32)
[04/06/2022, 15:44:24 ERROR] (unknown):     at Function.Module._load (internal/modules/cjs/loader.js:790:12)
[04/06/2022, 15:44:24 ERROR] (unknown):     at Module.require (internal/modules/cjs/loader.js:974:19)
[04/06/2022, 15:44:24 ERROR] (unknown):     at require (internal/modules/cjs/helpers.js:93:18)
[04/06/2022, 15:44:24 ERROR] (unknown):     at _allCode (c:\Users\Sylicium\Documents\devlopement\Cle USB de dev\#41 Jarvis\V4\V4.2 - github\virtual-voice-assistant\index.js:98:1)
[04/06/2022, 15:44:24 ERROR] (unknown):     at Object.<anonymous> (c:\Users\Sylicium\Documents\devlopement\Cle USB de dev\#41 Jarvis\V4\V4.2 - github\virtual-voice-assistant\index.js:33:1)
[04/06/2022, 15:44:24 ERROR] (unknown):     at Module._compile (internal/modules/cjs/loader.js:1085:14)
[04/06/2022, 15:44:24 ERROR] (unknown): 
[04/06/2022, 15:44:50 ERROR] (unknown): /!\ UNCAUGH ERROR /!\ TypeError: Cannot read property 'getInfo' of undefined
[04/06/2022, 15:44:50 ERROR] (unknown):     at Object.<anonymous> (c:\Users\Sylicium\Documents\devlopement\Cle USB de dev\#41 Jarvis\V4\V4.2 - github\virtual-voice-assistant\localModules\windowsTrayMenu.js:49:35)
[04/06/2022, 15:44:50 ERROR] (unknown):     at Module._compile (internal/modules/cjs/loader.js:1085:14)
[04/06/2022, 15:44:50 ERROR] (unknown):     at Object.Module._extensions..js (internal/modules/cjs/loader.js:1114:10)
[04/06/2022, 15:44:50 ERROR] (unknown):     at Module.load (internal/modules/cjs/loader.js:950:32)
[04/06/2022, 15:44:50 ERROR] (unknown):     at Function.Module._load (internal/modules/cjs/loader.js:790:12)
[04/06/2022, 15:44:50 ERROR] (unknown):     at Module.require (internal/modules/cjs/loader.js:974:19)
[04/06/2022, 15:44:50 ERROR] (unknown):     at require (internal/modules/cjs/helpers.js:93:18)
[04/06/2022, 15:44:50 ERROR] (unknown):     at _allCode (c:\Users\Sylicium\Documents\devlopement\Cle USB de dev\#41 Jarvis\V4\V4.2 - github\virtual-voice-assistant\index.js:98:1)
[04/06/2022, 15:44:50 ERROR] (unknown):     at Object.<anonymous> (c:\Users\Sylicium\Documents\devlopement\Cle USB de dev\#41 Jarvis\V4\V4.2 - github\virtual-voice-assistant\index.js:33:1)
[04/06/2022, 15:44:50 ERROR] (unknown):     at Module._compile (internal/modules/cjs/loader.js:1085:14)
[04/06/2022, 15:44:50 ERROR] (unknown): 
[04/06/2022, 15:45:05 ERROR] (unknown): /!\ UNCAUGH ERROR /!\ TypeError: Cannot read property 'getInfo' of undefined
[04/06/2022, 15:45:05 ERROR] (unknown):     at Object.<anonymous> (c:\Users\Sylicium\Documents\devlopement\Cle USB de dev\#41 Jarvis\V4\V4.2 - github\virtual-voice-assistant\localModules\windowsTrayMenu.js:49:35)
[04/06/2022, 15:45:05 ERROR] (unknown):     at Module._compile (internal/modules/cjs/loader.js:1085:14)
[04/06/2022, 15:45:05 ERROR] (unknown):     at Object.Module._extensions..js (internal/modules/cjs/loader.js:1114:10)
[04/06/2022, 15:45:05 ERROR] (unknown):     at Module.load (internal/modules/cjs/loader.js:950:32)
[04/06/2022, 15:45:05 ERROR] (unknown):     at Function.Module._load (internal/modules/cjs/loader.js:790:12)
[04/06/2022, 15:45:05 ERROR] (unknown):     at Module.require (internal/modules/cjs/loader.js:974:19)
[04/06/2022, 15:45:05 ERROR] (unknown):     at require (internal/modules/cjs/helpers.js:93:18)
[04/06/2022, 15:45:05 ERROR] (unknown):     at _allCode (c:\Users\Sylicium\Documents\devlopement\Cle USB de dev\#41 Jarvis\V4\V4.2 - github\virtual-voice-assistant\index.js:98:1)
[04/06/2022, 15:45:05 ERROR] (unknown):     at Object.<anonymous> (c:\Users\Sylicium\Documents\devlopement\Cle USB de dev\#41 Jarvis\V4\V4.2 - github\virtual-voice-assistant\index.js:33:1)
[04/06/2022, 15:45:05 ERROR] (unknown):     at Module._compile (internal/modules/cjs/loader.js:1085:14)
[04/06/2022, 15:45:05 ERROR] (unknown): 
[04/06/2022, 15:45:17 ERROR] (unknown): /!\ UNCAUGH ERROR /!\ TypeError: Cannot read property 'getInfo' of undefined
[04/06/2022, 15:45:17 ERROR] (unknown):     at Object.<anonymous> (c:\Users\Sylicium\Documents\devlopement\Cle USB de dev\#41 Jarvis\V4\V4.2 - github\virtual-voice-assistant\localModules\windowsTrayMenu.js:49:35)
[04/06/2022, 15:45:17 ERROR] (unknown):     at Module._compile (internal/modules/cjs/loader.js:1085:14)
[04/06/2022, 15:45:17 ERROR] (unknown):     at Object.Module._extensions..js (internal/modules/cjs/loader.js:1114:10)
[04/06/2022, 15:45:17 ERROR] (unknown):     at Module.load (internal/modules/cjs/loader.js:950:32)
[04/06/2022, 15:45:17 ERROR] (unknown):     at Function.Module._load (internal/modules/cjs/loader.js:790:12)
[04/06/2022, 15:45:17 ERROR] (unknown):     at Module.require (internal/modules/cjs/loader.js:974:19)
[04/06/2022, 15:45:17 ERROR] (unknown):     at require (internal/modules/cjs/helpers.js:93:18)
[04/06/2022, 15:45:17 ERROR] (unknown):     at _allCode (c:\Users\Sylicium\Documents\devlopement\Cle USB de dev\#41 Jarvis\V4\V4.2 - github\virtual-voice-assistant\index.js:98:1)
[04/06/2022, 15:45:17 ERROR] (unknown):     at Object.<anonymous> (c:\Users\Sylicium\Documents\devlopement\Cle USB de dev\#41 Jarvis\V4\V4.2 - github\virtual-voice-assistant\index.js:33:1)
[04/06/2022, 15:45:17 ERROR] (unknown):     at Module._compile (internal/modules/cjs/loader.js:1085:14)
[04/06/2022, 15:45:17 ERROR] (unknown): 
[04/06/2022, 15:45:29 ERROR] (unknown): /!\ UNCAUGH ERROR /!\ TypeError: Cannot read property 'getInfo' of undefined
[04/06/2022, 15:45:29 ERROR] (unknown):     at Object.<anonymous> (c:\Users\Sylicium\Documents\devlopement\Cle USB de dev\#41 Jarvis\V4\V4.2 - github\virtual-voice-assistant\localModules\windowsTrayMenu.js:49:35)
[04/06/2022, 15:45:29 ERROR] (unknown):     at Module._compile (internal/modules/cjs/loader.js:1085:14)
[04/06/2022, 15:45:29 ERROR] (unknown):     at Object.Module._extensions..js (internal/modules/cjs/loader.js:1114:10)
[04/06/2022, 15:45:29 ERROR] (unknown):     at Module.load (internal/modules/cjs/loader.js:950:32)
[04/06/2022, 15:45:29 ERROR] (unknown):     at Function.Module._load (internal/modules/cjs/loader.js:790:12)
[04/06/2022, 15:45:29 ERROR] (unknown):     at Module.require (internal/modules/cjs/loader.js:974:19)
[04/06/2022, 15:45:29 ERROR] (unknown):     at require (internal/modules/cjs/helpers.js:93:18)
[04/06/2022, 15:45:29 ERROR] (unknown):     at _allCode (c:\Users\Sylicium\Documents\devlopement\Cle USB de dev\#41 Jarvis\V4\V4.2 - github\virtual-voice-assistant\index.js:98:1)
[04/06/2022, 15:45:29 ERROR] (unknown):     at Object.<anonymous> (c:\Users\Sylicium\Documents\devlopement\Cle USB de dev\#41 Jarvis\V4\V4.2 - github\virtual-voice-assistant\index.js:33:1)
[04/06/2022, 15:45:29 ERROR] (unknown):     at Module._compile (internal/modules/cjs/loader.js:1085:14)
[04/06/2022, 15:45:29 ERROR] (unknown): 
[04/06/2022, 15:45:41 ERROR] (unknown): /!\ UNCAUGH ERROR /!\ TypeError: Cannot read property 'getInfo' of undefined
[04/06/2022, 15:45:41 ERROR] (unknown):     at Object.<anonymous> (c:\Users\Sylicium\Documents\devlopement\Cle USB de dev\#41 Jarvis\V4\V4.2 - github\virtual-voice-assistant\localModules\windowsTrayMenu.js:49:35)
[04/06/2022, 15:45:41 ERROR] (unknown):     at Module._compile (internal/modules/cjs/loader.js:1085:14)
[04/06/2022, 15:45:41 ERROR] (unknown):     at Object.Module._extensions..js (internal/modules/cjs/loader.js:1114:10)
[04/06/2022, 15:45:41 ERROR] (unknown):     at Module.load (internal/modules/cjs/loader.js:950:32)
[04/06/2022, 15:45:41 ERROR] (unknown):     at Function.Module._load (internal/modules/cjs/loader.js:790:12)
[04/06/2022, 15:45:41 ERROR] (unknown):     at Module.require (internal/modules/cjs/loader.js:974:19)
[04/06/2022, 15:45:41 ERROR] (unknown):     at require (internal/modules/cjs/helpers.js:93:18)
[04/06/2022, 15:45:41 ERROR] (unknown):     at _allCode (c:\Users\Sylicium\Documents\devlopement\Cle USB de dev\#41 Jarvis\V4\V4.2 - github\virtual-voice-assistant\index.js:98:1)
[04/06/2022, 15:45:41 ERROR] (unknown):     at Object.<anonymous> (c:\Users\Sylicium\Documents\devlopement\Cle USB de dev\#41 Jarvis\V4\V4.2 - github\virtual-voice-assistant\index.js:33:1)
[04/06/2022, 15:45:41 ERROR] (unknown):     at Module._compile (internal/modules/cjs/loader.js:1085:14)
[04/06/2022, 15:45:41 ERROR] (unknown): 
[04/06/2022, 15:45:51 ERROR] (unknown): /!\ UNCAUGH ERROR /!\ TypeError: Cannot read property 'getInfo' of undefined
[04/06/2022, 15:45:51 ERROR] (unknown):     at Object.<anonymous> (c:\Users\Sylicium\Documents\devlopement\Cle USB de dev\#41 Jarvis\V4\V4.2 - github\virtual-voice-assistant\localModules\windowsTrayMenu.js:49:35)
[04/06/2022, 15:45:51 ERROR] (unknown):     at Module._compile (internal/modules/cjs/loader.js:1085:14)
[04/06/2022, 15:45:51 ERROR] (unknown):     at Object.Module._extensions..js (internal/modules/cjs/loader.js:1114:10)
[04/06/2022, 15:45:51 ERROR] (unknown):     at Module.load (internal/modules/cjs/loader.js:950:32)
[04/06/2022, 15:45:51 ERROR] (unknown):     at Function.Module._load (internal/modules/cjs/loader.js:790:12)
[04/06/2022, 15:45:51 ERROR] (unknown):     at Module.require (internal/modules/cjs/loader.js:974:19)
[04/06/2022, 15:45:51 ERROR] (unknown):     at require (internal/modules/cjs/helpers.js:93:18)
[04/06/2022, 15:45:51 ERROR] (unknown):     at _allCode (c:\Users\Sylicium\Documents\devlopement\Cle USB de dev\#41 Jarvis\V4\V4.2 - github\virtual-voice-assistant\index.js:98:1)
[04/06/2022, 15:45:51 ERROR] (unknown):     at Object.<anonymous> (c:\Users\Sylicium\Documents\devlopement\Cle USB de dev\#41 Jarvis\V4\V4.2 - github\virtual-voice-assistant\index.js:33:1)
[04/06/2022, 15:45:51 ERROR] (unknown):     at Module._compile (internal/modules/cjs/loader.js:1085:14)
[04/06/2022, 15:45:51 ERROR] (unknown): 
[04/06/2022, 15:46:01 ERROR] (unknown): /!\ UNCAUGH ERROR /!\ TypeError: Cannot read property 'getInfo' of undefined
[04/06/2022, 15:46:01 ERROR] (unknown):     at Object.<anonymous> (c:\Users\Sylicium\Documents\devlopement\Cle USB de dev\#41 Jarvis\V4\V4.2 - github\virtual-voice-assistant\localModules\windowsTrayMenu.js:49:35)
[04/06/2022, 15:46:01 ERROR] (unknown):     at Module._compile (internal/modules/cjs/loader.js:1085:14)
[04/06/2022, 15:46:01 ERROR] (unknown):     at Object.Module._extensions..js (internal/modules/cjs/loader.js:1114:10)
[04/06/2022, 15:46:01 ERROR] (unknown):     at Module.load (internal/modules/cjs/loader.js:950:32)
[04/06/2022, 15:46:01 ERROR] (unknown):     at Function.Module._load (internal/modules/cjs/loader.js:790:12)
[04/06/2022, 15:46:01 ERROR] (unknown):     at Module.require (internal/modules/cjs/loader.js:974:19)
[04/06/2022, 15:46:01 ERROR] (unknown):     at require (internal/modules/cjs/helpers.js:93:18)
[04/06/2022, 15:46:01 ERROR] (unknown):     at _allCode (c:\Users\Sylicium\Documents\devlopement\Cle USB de dev\#41 Jarvis\V4\V4.2 - github\virtual-voice-assistant\index.js:98:1)
[04/06/2022, 15:46:01 ERROR] (unknown):     at Object.<anonymous> (c:\Users\Sylicium\Documents\devlopement\Cle USB de dev\#41 Jarvis\V4\V4.2 - github\virtual-voice-assistant\index.js:33:1)
[04/06/2022, 15:46:01 ERROR] (unknown):     at Module._compile (internal/modules/cjs/loader.js:1085:14)
[04/06/2022, 15:46:01 ERROR] (unknown): 
[04/06/2022, 15:49:19 ERROR] (unknown): /!\ UNCAUGH ERROR /!\ TypeError: this.Jarvis.toast.test is not a function
[04/06/2022, 15:49:19 ERROR] (unknown):     at create_actionManager.testManager (c:\Users\Sylicium\Documents\devlopement\Cle USB de dev\#41 Jarvis\V4\V4.2 - github\virtual-voice-assistant\brain\modules\actionManager.js:42:39)
[04/06/2022, 15:49:19 ERROR] (unknown):     at new createJarvis (c:\Users\Sylicium\Documents\devlopement\Cle USB de dev\#41 Jarvis\V4\V4.2 - github\virtual-voice-assistant\jarvis.js:152:29)
[04/06/2022, 15:49:19 ERROR] (unknown):     at Object.<anonymous> (c:\Users\Sylicium\Documents\devlopement\Cle USB de dev\#41 Jarvis\V4\V4.2 - github\virtual-voice-assistant\jarvis.js:326:22)
[04/06/2022, 15:49:19 ERROR] (unknown):     at Module._compile (internal/modules/cjs/loader.js:1085:14)
[04/06/2022, 15:49:19 ERROR] (unknown):     at Object.Module._extensions..js (internal/modules/cjs/loader.js:1114:10)
[04/06/2022, 15:49:19 ERROR] (unknown):     at Module.load (internal/modules/cjs/loader.js:950:32)
[04/06/2022, 15:49:19 ERROR] (unknown):     at Function.Module._load (internal/modules/cjs/loader.js:790:12)
[04/06/2022, 15:49:19 ERROR] (unknown):     at Module.require (internal/modules/cjs/loader.js:974:19)
[04/06/2022, 15:49:19 ERROR] (unknown):     at require (internal/modules/cjs/helpers.js:93:18)
[04/06/2022, 15:49:19 ERROR] (unknown):     at _allCode (c:\Users\Sylicium\Documents\devlopement\Cle USB de dev\#41 Jarvis\V4\V4.2 - github\virtual-voice-assistant\index.js:96:14)
[04/06/2022, 15:49:19 ERROR] (unknown): 
[04/06/2022, 15:49:39 ERROR] (unknown): /!\ UNCAUGH ERROR /!\ TypeError: Cannot read property 'replace' of undefined
[04/06/2022, 15:49:39 ERROR] (unknown):     at Object.info (c:\Users\Sylicium\Documents\devlopement\Cle USB de dev\#41 Jarvis\V4\V4.2 - github\virtual-voice-assistant\jarvis.js:186:65)
[04/06/2022, 15:49:39 ERROR] (unknown):     at create_actionManager.testManager (c:\Users\Sylicium\Documents\devlopement\Cle USB de dev\#41 Jarvis\V4\V4.2 - github\virtual-voice-assistant\brain\modules\actionManager.js:42:39)
[04/06/2022, 15:49:39 ERROR] (unknown):     at new createJarvis (c:\Users\Sylicium\Documents\devlopement\Cle USB de dev\#41 Jarvis\V4\V4.2 - github\virtual-voice-assistant\jarvis.js:152:29)
[04/06/2022, 15:49:39 ERROR] (unknown):     at Object.<anonymous> (c:\Users\Sylicium\Documents\devlopement\Cle USB de dev\#41 Jarvis\V4\V4.2 - github\virtual-voice-assistant\jarvis.js:326:22)
[04/06/2022, 15:49:39 ERROR] (unknown):     at Module._compile (internal/modules/cjs/loader.js:1085:14)
[04/06/2022, 15:49:39 ERROR] (unknown):     at Object.Module._extensions..js (internal/modules/cjs/loader.js:1114:10)
[04/06/2022, 15:49:39 ERROR] (unknown):     at Module.load (internal/modules/cjs/loader.js:950:32)
[04/06/2022, 15:49:39 ERROR] (unknown):     at Function.Module._load (internal/modules/cjs/loader.js:790:12)
[04/06/2022, 15:49:39 ERROR] (unknown):     at Module.require (internal/modules/cjs/loader.js:974:19)
[04/06/2022, 15:49:39 ERROR] (unknown):     at require (internal/modules/cjs/helpers.js:93:18)
[04/06/2022, 15:49:39 ERROR] (unknown): 
[04/06/2022, 15:50:03 ERROR] (unknown): /!\ UNCAUGH ERROR /!\ TypeError: Cannot read property 'getInfo' of undefined
[04/06/2022, 15:50:03 ERROR] (unknown):     at Object.<anonymous> (c:\Users\Sylicium\Documents\devlopement\Cle USB de dev\#41 Jarvis\V4\V4.2 - github\virtual-voice-assistant\localModules\windowsTrayMenu.js:49:35)
[04/06/2022, 15:50:03 ERROR] (unknown):     at Module._compile (internal/modules/cjs/loader.js:1085:14)
[04/06/2022, 15:50:03 ERROR] (unknown):     at Object.Module._extensions..js (internal/modules/cjs/loader.js:1114:10)
[04/06/2022, 15:50:03 ERROR] (unknown):     at Module.load (internal/modules/cjs/loader.js:950:32)
[04/06/2022, 15:50:03 ERROR] (unknown):     at Function.Module._load (internal/modules/cjs/loader.js:790:12)
[04/06/2022, 15:50:03 ERROR] (unknown):     at Module.require (internal/modules/cjs/loader.js:974:19)
[04/06/2022, 15:50:03 ERROR] (unknown):     at require (internal/modules/cjs/helpers.js:93:18)
[04/06/2022, 15:50:03 ERROR] (unknown):     at _allCode (c:\Users\Sylicium\Documents\devlopement\Cle USB de dev\#41 Jarvis\V4\V4.2 - github\virtual-voice-assistant\index.js:98:1)
[04/06/2022, 15:50:03 ERROR] (unknown):     at Object.<anonymous> (c:\Users\Sylicium\Documents\devlopement\Cle USB de dev\#41 Jarvis\V4\V4.2 - github\virtual-voice-assistant\index.js:33:1)
[04/06/2022, 15:50:03 ERROR] (unknown):     at Module._compile (internal/modules/cjs/loader.js:1085:14)
[04/06/2022, 15:50:03 ERROR] (unknown): 
[04/06/2022, 15:51:21 ERROR] (unknown): /!\ UNCAUGH ERROR /!\ TypeError: Cannot read property 'getInfo' of undefined
[04/06/2022, 15:51:21 ERROR] (unknown):     at Object.<anonymous> (c:\Users\Sylicium\Documents\devlopement\Cle USB de dev\#41 Jarvis\V4\V4.2 - github\virtual-voice-assistant\localModules\windowsTrayMenu.js:51:35)
[04/06/2022, 15:51:21 ERROR] (unknown):     at Module._compile (internal/modules/cjs/loader.js:1085:14)
[04/06/2022, 15:51:21 ERROR] (unknown):     at Object.Module._extensions..js (internal/modules/cjs/loader.js:1114:10)
[04/06/2022, 15:51:21 ERROR] (unknown):     at Module.load (internal/modules/cjs/loader.js:950:32)
[04/06/2022, 15:51:21 ERROR] (unknown):     at Function.Module._load (internal/modules/cjs/loader.js:790:12)
[04/06/2022, 15:51:21 ERROR] (unknown):     at Module.require (internal/modules/cjs/loader.js:974:19)
[04/06/2022, 15:51:21 ERROR] (unknown):     at require (internal/modules/cjs/helpers.js:93:18)
[04/06/2022, 15:51:21 ERROR] (unknown):     at _allCode (c:\Users\Sylicium\Documents\devlopement\Cle USB de dev\#41 Jarvis\V4\V4.2 - github\virtual-voice-assistant\index.js:98:1)
[04/06/2022, 15:51:21 ERROR] (unknown):     at Object.<anonymous> (c:\Users\Sylicium\Documents\devlopement\Cle USB de dev\#41 Jarvis\V4\V4.2 - github\virtual-voice-assistant\index.js:33:1)
[04/06/2022, 15:51:21 ERROR] (unknown):     at Module._compile (internal/modules/cjs/loader.js:1085:14)
[04/06/2022, 15:51:21 ERROR] (unknown): 
[04/06/2022, 15:51:44 ERROR] (unknown): /!\ UNCAUGH ERROR /!\ TypeError: Cannot read property 'getInfo' of undefined
[04/06/2022, 15:51:44 ERROR] (unknown):     at Object.<anonymous> (c:\Users\Sylicium\Documents\devlopement\Cle USB de dev\#41 Jarvis\V4\V4.2 - github\virtual-voice-assistant\localModules\windowsTrayMenu.js:51:35)
[04/06/2022, 15:51:44 ERROR] (unknown):     at Module._compile (internal/modules/cjs/loader.js:1085:14)
[04/06/2022, 15:51:44 ERROR] (unknown):     at Object.Module._extensions..js (internal/modules/cjs/loader.js:1114:10)
[04/06/2022, 15:51:44 ERROR] (unknown):     at Module.load (internal/modules/cjs/loader.js:950:32)
[04/06/2022, 15:51:44 ERROR] (unknown):     at Function.Module._load (internal/modules/cjs/loader.js:790:12)
[04/06/2022, 15:51:44 ERROR] (unknown):     at Module.require (internal/modules/cjs/loader.js:974:19)
[04/06/2022, 15:51:44 ERROR] (unknown):     at require (internal/modules/cjs/helpers.js:93:18)
[04/06/2022, 15:51:44 ERROR] (unknown):     at _allCode (c:\Users\Sylicium\Documents\devlopement\Cle USB de dev\#41 Jarvis\V4\V4.2 - github\virtual-voice-assistant\index.js:98:23)
[04/06/2022, 15:51:44 ERROR] (unknown):     at Object.<anonymous> (c:\Users\Sylicium\Documents\devlopement\Cle USB de dev\#41 Jarvis\V4\V4.2 - github\virtual-voice-assistant\index.js:33:1)
[04/06/2022, 15:51:44 ERROR] (unknown):     at Module._compile (internal/modules/cjs/loader.js:1085:14)
[04/06/2022, 15:51:44 ERROR] (unknown): 
[04/06/2022, 15:53:55 ERROR] (unknown): Uncaught Exception (process.on handle) TypeError: Jarvis.toast.test is not a function
[04/06/2022, 15:53:55 ERROR] (unknown):     at Object.function (c:\Users\Sylicium\Documents\devlopement\Cle USB de dev\#41 Jarvis\V4\V4.2 - github\virtual-voice-assistant\localModules\windowsTrayMenu.js:29:30)
[04/06/2022, 15:53:55 ERROR] (unknown):     at c:\Users\Sylicium\Documents\devlopement\Cle USB de dev\#41 Jarvis\V4\V4.2 - github\virtual-voice-assistant\localModules\windowsTrayMenu.js:102:54
[04/06/2022, 15:53:55 ERROR] (unknown): 
[04/06/2022, 16:12:03 ERROR] (unknown): Uncaught Exception (process.on handle) Error: listen EADDRINUSE: address already in use :::1111
[04/06/2022, 16:12:03 ERROR] (unknown):     at Server.setupListenHandle [as _listen2] (net.js:1331:16)
[04/06/2022, 16:12:03 ERROR] (unknown):     at listenInCluster (net.js:1379:12)
[04/06/2022, 16:12:03 ERROR] (unknown):     at Server.listen (net.js:1465:7)
[04/06/2022, 16:12:03 ERROR] (unknown):     at Object.module.exports.start (C:\Users\Sylicium\Documents\devlopement\Cle USB de dev\#41 Jarvis\V4\V4.2 - github\virtual-voice-assistant\server.js:122:10)
[04/06/2022, 16:12:03 ERROR] (unknown):     at _allCode (C:\Users\Sylicium\Documents\devlopement\Cle USB de dev\#41 Jarvis\V4\V4.2 - github\virtual-voice-assistant\index.js:101:8)
[04/06/2022, 16:12:03 ERROR] (unknown):     at Object.<anonymous> (C:\Users\Sylicium\Documents\devlopement\Cle USB de dev\#41 Jarvis\V4\V4.2 - github\virtual-voice-assistant\index.js:33:1)
[04/06/2022, 16:12:03 ERROR] (unknown):     at Module._compile (internal/modules/cjs/loader.js:1085:14)
[04/06/2022, 16:12:03 ERROR] (unknown):     at Object.Module._extensions..js (internal/modules/cjs/loader.js:1114:10)
[04/06/2022, 16:12:03 ERROR] (unknown):     at Module.load (internal/modules/cjs/loader.js:950:32)
[04/06/2022, 16:12:03 ERROR] (unknown):     at Function.Module._load (internal/modules/cjs/loader.js:790:12)
[04/06/2022, 16:12:03 ERROR] (unknown): 
[04/06/2022, 16:12:10 ERROR] (unknown): Uncaught Exception (process.on handle) Error: listen EADDRINUSE: address already in use :::1111
[04/06/2022, 16:12:10 ERROR] (unknown):     at Server.setupListenHandle [as _listen2] (net.js:1331:16)
[04/06/2022, 16:12:10 ERROR] (unknown):     at listenInCluster (net.js:1379:12)
[04/06/2022, 16:12:10 ERROR] (unknown):     at Server.listen (net.js:1465:7)
[04/06/2022, 16:12:10 ERROR] (unknown):     at Object.module.exports.start (C:\Users\Sylicium\Documents\devlopement\Cle USB de dev\#41 Jarvis\V4\V4.2 - github\virtual-voice-assistant\server.js:122:10)
[04/06/2022, 16:12:10 ERROR] (unknown):     at _allCode (C:\Users\Sylicium\Documents\devlopement\Cle USB de dev\#41 Jarvis\V4\V4.2 - github\virtual-voice-assistant\index.js:101:8)
[04/06/2022, 16:12:10 ERROR] (unknown):     at Object.<anonymous> (C:\Users\Sylicium\Documents\devlopement\Cle USB de dev\#41 Jarvis\V4\V4.2 - github\virtual-voice-assistant\index.js:33:1)
[04/06/2022, 16:12:10 ERROR] (unknown):     at Module._compile (internal/modules/cjs/loader.js:1085:14)
[04/06/2022, 16:12:10 ERROR] (unknown):     at Object.Module._extensions..js (internal/modules/cjs/loader.js:1114:10)
[04/06/2022, 16:12:10 ERROR] (unknown):     at Module.load (internal/modules/cjs/loader.js:950:32)
[04/06/2022, 16:12:10 ERROR] (unknown):     at Function.Module._load (internal/modules/cjs/loader.js:790:12)
[04/06/2022, 16:12:10 ERROR] (unknown): 
[04/06/2022, 16:12:51 ERROR] (unknown): Uncaught Exception (process.on handle) Error: listen EADDRINUSE: address already in use :::1111
[04/06/2022, 16:12:51 ERROR] (unknown):     at Server.setupListenHandle [as _listen2] (net.js:1331:16)
[04/06/2022, 16:12:51 ERROR] (unknown):     at listenInCluster (net.js:1379:12)
[04/06/2022, 16:12:51 ERROR] (unknown):     at Server.listen (net.js:1465:7)
[04/06/2022, 16:12:51 ERROR] (unknown):     at Object.module.exports.start (C:\Users\Sylicium\Documents\devlopement\Cle USB de dev\#41 Jarvis\V4\V4.2 - github\virtual-voice-assistant\server.js:122:10)
[04/06/2022, 16:12:51 ERROR] (unknown):     at _allCode (C:\Users\Sylicium\Documents\devlopement\Cle USB de dev\#41 Jarvis\V4\V4.2 - github\virtual-voice-assistant\index.js:101:8)
[04/06/2022, 16:12:51 ERROR] (unknown):     at Object.<anonymous> (C:\Users\Sylicium\Documents\devlopement\Cle USB de dev\#41 Jarvis\V4\V4.2 - github\virtual-voice-assistant\index.js:33:1)
[04/06/2022, 16:12:51 ERROR] (unknown):     at Module._compile (internal/modules/cjs/loader.js:1085:14)
[04/06/2022, 16:12:51 ERROR] (unknown):     at Object.Module._extensions..js (internal/modules/cjs/loader.js:1114:10)
[04/06/2022, 16:12:51 ERROR] (unknown):     at Module.load (internal/modules/cjs/loader.js:950:32)
[04/06/2022, 16:12:51 ERROR] (unknown):     at Function.Module._load (internal/modules/cjs/loader.js:790:12)
[04/06/2022, 16:12:51 ERROR] (unknown): 
[04/06/2022, 16:13:11 ERROR] (unknown): Uncaught Exception (process.on handle) Error: listen EADDRINUSE: address already in use :::1111
[04/06/2022, 16:13:11 ERROR] (unknown):     at Server.setupListenHandle [as _listen2] (net.js:1331:16)
[04/06/2022, 16:13:11 ERROR] (unknown):     at listenInCluster (net.js:1379:12)
[04/06/2022, 16:13:11 ERROR] (unknown):     at Server.listen (net.js:1465:7)
[04/06/2022, 16:13:11 ERROR] (unknown):     at Object.module.exports.start (C:\Users\Sylicium\Documents\devlopement\Cle USB de dev\#41 Jarvis\V4\V4.2 - github\virtual-voice-assistant\server.js:122:10)
[04/06/2022, 16:13:11 ERROR] (unknown):     at _allCode (C:\Users\Sylicium\Documents\devlopement\Cle USB de dev\#41 Jarvis\V4\V4.2 - github\virtual-voice-assistant\index.js:101:8)
[04/06/2022, 16:13:11 ERROR] (unknown):     at Object.<anonymous> (C:\Users\Sylicium\Documents\devlopement\Cle USB de dev\#41 Jarvis\V4\V4.2 - github\virtual-voice-assistant\index.js:33:1)
[04/06/2022, 16:13:11 ERROR] (unknown):     at Module._compile (internal/modules/cjs/loader.js:1085:14)
[04/06/2022, 16:13:11 ERROR] (unknown):     at Object.Module._extensions..js (internal/modules/cjs/loader.js:1114:10)
[04/06/2022, 16:13:11 ERROR] (unknown):     at Module.load (internal/modules/cjs/loader.js:950:32)
[04/06/2022, 16:13:11 ERROR] (unknown):     at Function.Module._load (internal/modules/cjs/loader.js:790:12)
[04/06/2022, 16:13:11 ERROR] (unknown): 
[04/06/2022, 16:13:26 ERROR] (unknown): Uncaught Exception (process.on handle) Error: listen EADDRINUSE: address already in use :::1111
[04/06/2022, 16:13:26 ERROR] (unknown):     at Server.setupListenHandle [as _listen2] (net.js:1331:16)
[04/06/2022, 16:13:26 ERROR] (unknown):     at listenInCluster (net.js:1379:12)
[04/06/2022, 16:13:26 ERROR] (unknown):     at Server.listen (net.js:1465:7)
[04/06/2022, 16:13:26 ERROR] (unknown):     at Object.module.exports.start (C:\Users\Sylicium\Documents\devlopement\Cle USB de dev\#41 Jarvis\V4\V4.2 - github\virtual-voice-assistant\server.js:122:10)
[04/06/2022, 16:13:26 ERROR] (unknown):     at _allCode (C:\Users\Sylicium\Documents\devlopement\Cle USB de dev\#41 Jarvis\V4\V4.2 - github\virtual-voice-assistant\index.js:101:8)
[04/06/2022, 16:13:26 ERROR] (unknown):     at Object.<anonymous> (C:\Users\Sylicium\Documents\devlopement\Cle USB de dev\#41 Jarvis\V4\V4.2 - github\virtual-voice-assistant\index.js:33:1)
[04/06/2022, 16:13:26 ERROR] (unknown):     at Module._compile (internal/modules/cjs/loader.js:1085:14)
[04/06/2022, 16:13:26 ERROR] (unknown):     at Object.Module._extensions..js (internal/modules/cjs/loader.js:1114:10)
[04/06/2022, 16:13:26 ERROR] (unknown):     at Module.load (internal/modules/cjs/loader.js:950:32)
[04/06/2022, 16:13:26 ERROR] (unknown):     at Function.Module._load (internal/modules/cjs/loader.js:790:12)
[04/06/2022, 16:13:26 ERROR] (unknown): 
[04/06/2022, 16:13:43 ERROR] (unknown): /!\ UNCAUGH ERROR /!\ TypeError: serv.listen(...).catch is not a function
[04/06/2022, 16:13:43 ERROR] (unknown):     at Object.module.exports.start (C:\Users\Sylicium\Documents\devlopement\Cle USB de dev\#41 Jarvis\V4\V4.2 - github\virtual-voice-assistant\server.js:124:13)
[04/06/2022, 16:13:43 ERROR] (unknown):     at _allCode (C:\Users\Sylicium\Documents\devlopement\Cle USB de dev\#41 Jarvis\V4\V4.2 - github\virtual-voice-assistant\index.js:101:8)
[04/06/2022, 16:13:43 ERROR] (unknown):     at Object.<anonymous> (C:\Users\Sylicium\Documents\devlopement\Cle USB de dev\#41 Jarvis\V4\V4.2 - github\virtual-voice-assistant\index.js:33:1)
[04/06/2022, 16:13:43 ERROR] (unknown):     at Module._compile (internal/modules/cjs/loader.js:1085:14)
[04/06/2022, 16:13:43 ERROR] (unknown):     at Object.Module._extensions..js (internal/modules/cjs/loader.js:1114:10)
[04/06/2022, 16:13:43 ERROR] (unknown):     at Module.load (internal/modules/cjs/loader.js:950:32)
[04/06/2022, 16:13:43 ERROR] (unknown):     at Function.Module._load (internal/modules/cjs/loader.js:790:12)
[04/06/2022, 16:13:43 ERROR] (unknown):     at Function.executeUserEntryPoint [as runMain] (internal/modules/run_main.js:76:12)
[04/06/2022, 16:13:43 ERROR] (unknown):     at internal/main/run_main_module.js:17:47
[04/06/2022, 16:13:43 ERROR] (unknown): 
[04/06/2022, 16:13:43 ERROR] (unknown): Uncaught Exception (process.on handle) Error: listen EADDRINUSE: address already in use :::1111
[04/06/2022, 16:13:43 ERROR] (unknown):     at Server.setupListenHandle [as _listen2] (net.js:1331:16)
[04/06/2022, 16:13:43 ERROR] (unknown):     at listenInCluster (net.js:1379:12)
[04/06/2022, 16:13:43 ERROR] (unknown):     at Server.listen (net.js:1465:7)
[04/06/2022, 16:13:43 ERROR] (unknown):     at Object.module.exports.start (C:\Users\Sylicium\Documents\devlopement\Cle USB de dev\#41 Jarvis\V4\V4.2 - github\virtual-voice-assistant\server.js:122:10)
[04/06/2022, 16:13:43 ERROR] (unknown):     at _allCode (C:\Users\Sylicium\Documents\devlopement\Cle USB de dev\#41 Jarvis\V4\V4.2 - github\virtual-voice-assistant\index.js:101:8)
[04/06/2022, 16:13:43 ERROR] (unknown):     at Object.<anonymous> (C:\Users\Sylicium\Documents\devlopement\Cle USB de dev\#41 Jarvis\V4\V4.2 - github\virtual-voice-assistant\index.js:33:1)
[04/06/2022, 16:13:43 ERROR] (unknown):     at Module._compile (internal/modules/cjs/loader.js:1085:14)
[04/06/2022, 16:13:43 ERROR] (unknown):     at Object.Module._extensions..js (internal/modules/cjs/loader.js:1114:10)
[04/06/2022, 16:13:43 ERROR] (unknown):     at Module.load (internal/modules/cjs/loader.js:950:32)
[04/06/2022, 16:13:43 ERROR] (unknown):     at Function.Module._load (internal/modules/cjs/loader.js:790:12)
[04/06/2022, 16:13:43 ERROR] (unknown): 
[04/06/2022, 16:14:13 ERROR] (unknown): Uncaught Exception (process.on handle) Error: listen EADDRINUSE: address already in use :::1111
[04/06/2022, 16:14:13 ERROR] (unknown):     at Server.setupListenHandle [as _listen2] (net.js:1331:16)
[04/06/2022, 16:14:13 ERROR] (unknown):     at listenInCluster (net.js:1379:12)
[04/06/2022, 16:14:13 ERROR] (unknown):     at Server.listen (net.js:1465:7)
[04/06/2022, 16:14:13 ERROR] (unknown):     at Object.module.exports.start (C:\Users\Sylicium\Documents\devlopement\Cle USB de dev\#41 Jarvis\V4\V4.2 - github\virtual-voice-assistant\server.js:124:14)
[04/06/2022, 16:14:13 ERROR] (unknown):     at _allCode (C:\Users\Sylicium\Documents\devlopement\Cle USB de dev\#41 Jarvis\V4\V4.2 - github\virtual-voice-assistant\index.js:101:8)
[04/06/2022, 16:14:13 ERROR] (unknown):     at Object.<anonymous> (C:\Users\Sylicium\Documents\devlopement\Cle USB de dev\#41 Jarvis\V4\V4.2 - github\virtual-voice-assistant\index.js:33:1)
[04/06/2022, 16:14:13 ERROR] (unknown):     at Module._compile (internal/modules/cjs/loader.js:1085:14)
[04/06/2022, 16:14:13 ERROR] (unknown):     at Object.Module._extensions..js (internal/modules/cjs/loader.js:1114:10)
[04/06/2022, 16:14:13 ERROR] (unknown):     at Module.load (internal/modules/cjs/loader.js:950:32)
[04/06/2022, 16:14:13 ERROR] (unknown):     at Function.Module._load (internal/modules/cjs/loader.js:790:12)
[04/06/2022, 16:14:13 ERROR] (unknown): 
[04/06/2022, 16:16:03 ERROR] (unknown): Uncaught Exception (process.on handle) Error: listen EADDRINUSE: address already in use :::1111
[04/06/2022, 16:16:03 ERROR] (unknown):     at Server.setupListenHandle [as _listen2] (net.js:1331:16)
[04/06/2022, 16:16:03 ERROR] (unknown):     at listenInCluster (net.js:1379:12)
[04/06/2022, 16:16:03 ERROR] (unknown):     at Server.listen (net.js:1465:7)
[04/06/2022, 16:16:03 ERROR] (unknown):     at Object.module.exports.start (C:\Users\Sylicium\Documents\devlopement\Cle USB de dev\#41 Jarvis\V4\V4.2 - github\virtual-voice-assistant\server.js:124:14)
[04/06/2022, 16:16:03 ERROR] (unknown):     at _allCode (C:\Users\Sylicium\Documents\devlopement\Cle USB de dev\#41 Jarvis\V4\V4.2 - github\virtual-voice-assistant\index.js:101:8)
[04/06/2022, 16:16:03 ERROR] (unknown):     at Object.<anonymous> (C:\Users\Sylicium\Documents\devlopement\Cle USB de dev\#41 Jarvis\V4\V4.2 - github\virtual-voice-assistant\index.js:33:1)
[04/06/2022, 16:16:03 ERROR] (unknown):     at Module._compile (internal/modules/cjs/loader.js:1085:14)
[04/06/2022, 16:16:03 ERROR] (unknown):     at Object.Module._extensions..js (internal/modules/cjs/loader.js:1114:10)
[04/06/2022, 16:16:03 ERROR] (unknown):     at Module.load (internal/modules/cjs/loader.js:950:32)
[04/06/2022, 16:16:03 ERROR] (unknown):     at Function.Module._load (internal/modules/cjs/loader.js:790:12)
[04/06/2022, 16:16:03 ERROR] (unknown): 
[04/06/2022, 16:17:20 ERROR] (unknown): Uncaught Exception (process.on handle) Error: listen EADDRINUSE: address already in use :::1111
[04/06/2022, 16:17:20 ERROR] (unknown):     at Server.setupListenHandle [as _listen2] (net.js:1331:16)
[04/06/2022, 16:17:20 ERROR] (unknown):     at listenInCluster (net.js:1379:12)
[04/06/2022, 16:17:20 ERROR] (unknown):     at Server.listen (net.js:1465:7)
[04/06/2022, 16:17:20 ERROR] (unknown):     at Object.module.exports.start (C:\Users\Sylicium\Documents\devlopement\Cle USB de dev\#41 Jarvis\V4\V4.2 - github\virtual-voice-assistant\server.js:124:14)
[04/06/2022, 16:17:20 ERROR] (unknown):     at _allCode (C:\Users\Sylicium\Documents\devlopement\Cle USB de dev\#41 Jarvis\V4\V4.2 - github\virtual-voice-assistant\index.js:101:8)
[04/06/2022, 16:17:20 ERROR] (unknown):     at Object.<anonymous> (C:\Users\Sylicium\Documents\devlopement\Cle USB de dev\#41 Jarvis\V4\V4.2 - github\virtual-voice-assistant\index.js:33:1)
[04/06/2022, 16:17:20 ERROR] (unknown):     at Module._compile (internal/modules/cjs/loader.js:1085:14)
[04/06/2022, 16:17:20 ERROR] (unknown):     at Object.Module._extensions..js (internal/modules/cjs/loader.js:1114:10)
[04/06/2022, 16:17:20 ERROR] (unknown):     at Module.load (internal/modules/cjs/loader.js:950:32)
[04/06/2022, 16:17:20 ERROR] (unknown):     at Function.Module._load (internal/modules/cjs/loader.js:790:12)
[04/06/2022, 16:17:20 ERROR] (unknown): 
[04/06/2022, 16:18:26 ERROR] (unknown): /!\ UNCAUGH ERROR /!\ ReferenceError: err is not defined
[04/06/2022, 16:18:26 ERROR] (unknown):     at Object.module.exports.start (C:\Users\Sylicium\Documents\devlopement\Cle USB de dev\#41 Jarvis\V4\V4.2 - github\virtual-voice-assistant\server.js:132:52)
[04/06/2022, 16:18:26 ERROR] (unknown):     at _allCode (C:\Users\Sylicium\Documents\devlopement\Cle USB de dev\#41 Jarvis\V4\V4.2 - github\virtual-voice-assistant\index.js:101:8)
[04/06/2022, 16:18:26 ERROR] (unknown):     at Object.<anonymous> (C:\Users\Sylicium\Documents\devlopement\Cle USB de dev\#41 Jarvis\V4\V4.2 - github\virtual-voice-assistant\index.js:33:1)
[04/06/2022, 16:18:26 ERROR] (unknown):     at Module._compile (internal/modules/cjs/loader.js:1085:14)
[04/06/2022, 16:18:26 ERROR] (unknown):     at Object.Module._extensions..js (internal/modules/cjs/loader.js:1114:10)
[04/06/2022, 16:18:26 ERROR] (unknown):     at Module.load (internal/modules/cjs/loader.js:950:32)
[04/06/2022, 16:18:26 ERROR] (unknown):     at Function.Module._load (internal/modules/cjs/loader.js:790:12)
[04/06/2022, 16:18:26 ERROR] (unknown):     at Function.executeUserEntryPoint [as runMain] (internal/modules/run_main.js:76:12)
[04/06/2022, 16:18:26 ERROR] (unknown):     at internal/main/run_main_module.js:17:47
[04/06/2022, 16:18:26 ERROR] (unknown): 
[04/06/2022, 16:18:26 ERROR] (unknown): Uncaught Exception (process.on handle) Error: listen EADDRINUSE: address already in use :::1111
[04/06/2022, 16:18:26 ERROR] (unknown):     at Server.setupListenHandle [as _listen2] (net.js:1331:16)
[04/06/2022, 16:18:26 ERROR] (unknown):     at listenInCluster (net.js:1379:12)
[04/06/2022, 16:18:26 ERROR] (unknown):     at Server.listen (net.js:1465:7)
[04/06/2022, 16:18:26 ERROR] (unknown):     at Object.module.exports.start (C:\Users\Sylicium\Documents\devlopement\Cle USB de dev\#41 Jarvis\V4\V4.2 - github\virtual-voice-assistant\server.js:124:14)
[04/06/2022, 16:18:26 ERROR] (unknown):     at _allCode (C:\Users\Sylicium\Documents\devlopement\Cle USB de dev\#41 Jarvis\V4\V4.2 - github\virtual-voice-assistant\index.js:101:8)
[04/06/2022, 16:18:26 ERROR] (unknown):     at Object.<anonymous> (C:\Users\Sylicium\Documents\devlopement\Cle USB de dev\#41 Jarvis\V4\V4.2 - github\virtual-voice-assistant\index.js:33:1)
[04/06/2022, 16:18:26 ERROR] (unknown):     at Module._compile (internal/modules/cjs/loader.js:1085:14)
[04/06/2022, 16:18:26 ERROR] (unknown):     at Object.Module._extensions..js (internal/modules/cjs/loader.js:1114:10)
[04/06/2022, 16:18:26 ERROR] (unknown):     at Module.load (internal/modules/cjs/loader.js:950:32)
[04/06/2022, 16:18:26 ERROR] (unknown):     at Function.Module._load (internal/modules/cjs/loader.js:790:12)
[04/06/2022, 16:18:26 ERROR] (unknown): 
[04/06/2022, 16:57:40 ERROR] (unknown): /!\ UNCAUGH ERROR /!\ ReferenceError: err is not defined
[04/06/2022, 16:57:40 ERROR] (unknown):     at Object.module.exports.start (c:\Users\Sylicium\Documents\devlopement\Cle USB de dev\#41 Jarvis\V4\V4.2 - github\virtual-voice-assistant\server.js:132:52)
[04/06/2022, 16:57:40 ERROR] (unknown):     at _allCode (c:\Users\Sylicium\Documents\devlopement\Cle USB de dev\#41 Jarvis\V4\V4.2 - github\virtual-voice-assistant\index.js:101:8)
[04/06/2022, 16:57:40 ERROR] (unknown):     at Object.<anonymous> (c:\Users\Sylicium\Documents\devlopement\Cle USB de dev\#41 Jarvis\V4\V4.2 - github\virtual-voice-assistant\index.js:33:1)
[04/06/2022, 16:57:40 ERROR] (unknown):     at Module._compile (internal/modules/cjs/loader.js:1085:14)
[04/06/2022, 16:57:40 ERROR] (unknown):     at Object.Module._extensions..js (internal/modules/cjs/loader.js:1114:10)
[04/06/2022, 16:57:40 ERROR] (unknown):     at Module.load (internal/modules/cjs/loader.js:950:32)
[04/06/2022, 16:57:40 ERROR] (unknown):     at Function.Module._load (internal/modules/cjs/loader.js:790:12)
[04/06/2022, 16:57:40 ERROR] (unknown):     at Function.executeUserEntryPoint [as runMain] (internal/modules/run_main.js:76:12)
[04/06/2022, 16:57:40 ERROR] (unknown):     at internal/main/run_main_module.js:17:47
[04/06/2022, 16:57:40 ERROR] (unknown): 
[04/06/2022, 16:58:09 ERROR] (unknown): /!\ UNCAUGH ERROR /!\ ReferenceError: err is not defined
[04/06/2022, 16:58:09 ERROR] (unknown):     at Object.module.exports.start (c:\Users\Sylicium\Documents\devlopement\Cle USB de dev\#41 Jarvis\V4\V4.2 - github\virtual-voice-assistant\server.js:132:52)
[04/06/2022, 16:58:09 ERROR] (unknown):     at _allCode (c:\Users\Sylicium\Documents\devlopement\Cle USB de dev\#41 Jarvis\V4\V4.2 - github\virtual-voice-assistant\index.js:101:8)
[04/06/2022, 16:58:09 ERROR] (unknown):     at Object.<anonymous> (c:\Users\Sylicium\Documents\devlopement\Cle USB de dev\#41 Jarvis\V4\V4.2 - github\virtual-voice-assistant\index.js:33:1)
[04/06/2022, 16:58:09 ERROR] (unknown):     at Module._compile (internal/modules/cjs/loader.js:1085:14)
[04/06/2022, 16:58:09 ERROR] (unknown):     at Object.Module._extensions..js (internal/modules/cjs/loader.js:1114:10)
[04/06/2022, 16:58:09 ERROR] (unknown):     at Module.load (internal/modules/cjs/loader.js:950:32)
[04/06/2022, 16:58:09 ERROR] (unknown):     at Function.Module._load (internal/modules/cjs/loader.js:790:12)
[04/06/2022, 16:58:09 ERROR] (unknown):     at Function.executeUserEntryPoint [as runMain] (internal/modules/run_main.js:76:12)
[04/06/2022, 16:58:09 ERROR] (unknown):     at internal/main/run_main_module.js:17:47
[04/06/2022, 16:58:09 ERROR] (unknown): 
[04/06/2022, 16:58:27 ERROR] (unknown): /!\ UNCAUGH ERROR /!\ ReferenceError: err is not defined
[04/06/2022, 16:58:27 ERROR] (unknown):     at Object.module.exports.start (c:\Users\Sylicium\Documents\devlopement\Cle USB de dev\#41 Jarvis\V4\V4.2 - github\virtual-voice-assistant\server.js:132:52)
[04/06/2022, 16:58:27 ERROR] (unknown):     at _allCode (c:\Users\Sylicium\Documents\devlopement\Cle USB de dev\#41 Jarvis\V4\V4.2 - github\virtual-voice-assistant\index.js:101:8)
[04/06/2022, 16:58:27 ERROR] (unknown):     at Object.<anonymous> (c:\Users\Sylicium\Documents\devlopement\Cle USB de dev\#41 Jarvis\V4\V4.2 - github\virtual-voice-assistant\index.js:33:1)
[04/06/2022, 16:58:27 ERROR] (unknown):     at Module._compile (internal/modules/cjs/loader.js:1085:14)
[04/06/2022, 16:58:27 ERROR] (unknown):     at Object.Module._extensions..js (internal/modules/cjs/loader.js:1114:10)
[04/06/2022, 16:58:27 ERROR] (unknown):     at Module.load (internal/modules/cjs/loader.js:950:32)
[04/06/2022, 16:58:27 ERROR] (unknown):     at Function.Module._load (internal/modules/cjs/loader.js:790:12)
[04/06/2022, 16:58:27 ERROR] (unknown):     at Function.executeUserEntryPoint [as runMain] (internal/modules/run_main.js:76:12)
[04/06/2022, 16:58:27 ERROR] (unknown):     at internal/main/run_main_module.js:17:47
[04/06/2022, 16:58:27 ERROR] (unknown): 
[04/06/2022, 16:58:36 ERROR] (unknown): /!\ UNCAUGH ERROR /!\ ReferenceError: err is not defined
[04/06/2022, 16:58:36 ERROR] (unknown):     at Object.module.exports.start (C:\Users\Sylicium\Documents\devlopement\Cle USB de dev\#41 Jarvis\V4\V4.2 - github\virtual-voice-assistant\server.js:132:52)
[04/06/2022, 16:58:36 ERROR] (unknown):     at _allCode (C:\Users\Sylicium\Documents\devlopement\Cle USB de dev\#41 Jarvis\V4\V4.2 - github\virtual-voice-assistant\index.js:101:8)
[04/06/2022, 16:58:36 ERROR] (unknown):     at Object.<anonymous> (C:\Users\Sylicium\Documents\devlopement\Cle USB de dev\#41 Jarvis\V4\V4.2 - github\virtual-voice-assistant\index.js:33:1)
[04/06/2022, 16:58:36 ERROR] (unknown):     at Module._compile (internal/modules/cjs/loader.js:1085:14)
[04/06/2022, 16:58:36 ERROR] (unknown):     at Object.Module._extensions..js (internal/modules/cjs/loader.js:1114:10)
[04/06/2022, 16:58:36 ERROR] (unknown):     at Module.load (internal/modules/cjs/loader.js:950:32)
[04/06/2022, 16:58:36 ERROR] (unknown):     at Function.Module._load (internal/modules/cjs/loader.js:790:12)
[04/06/2022, 16:58:36 ERROR] (unknown):     at Function.executeUserEntryPoint [as runMain] (internal/modules/run_main.js:76:12)
[04/06/2022, 16:58:36 ERROR] (unknown):     at internal/main/run_main_module.js:17:47
[04/06/2022, 16:58:36 ERROR] (unknown): 
[04/06/2022, 16:58:36 ERROR] (unknown): Uncaught Exception (process.on handle) Error: listen EADDRINUSE: address already in use :::1111
[04/06/2022, 16:58:36 ERROR] (unknown):     at Server.setupListenHandle [as _listen2] (net.js:1331:16)
[04/06/2022, 16:58:36 ERROR] (unknown):     at listenInCluster (net.js:1379:12)
[04/06/2022, 16:58:36 ERROR] (unknown):     at Server.listen (net.js:1465:7)
[04/06/2022, 16:58:36 ERROR] (unknown):     at Object.module.exports.start (C:\Users\Sylicium\Documents\devlopement\Cle USB de dev\#41 Jarvis\V4\V4.2 - github\virtual-voice-assistant\server.js:124:14)
[04/06/2022, 16:58:36 ERROR] (unknown):     at _allCode (C:\Users\Sylicium\Documents\devlopement\Cle USB de dev\#41 Jarvis\V4\V4.2 - github\virtual-voice-assistant\index.js:101:8)
[04/06/2022, 16:58:36 ERROR] (unknown):     at Object.<anonymous> (C:\Users\Sylicium\Documents\devlopement\Cle USB de dev\#41 Jarvis\V4\V4.2 - github\virtual-voice-assistant\index.js:33:1)
[04/06/2022, 16:58:36 ERROR] (unknown):     at Module._compile (internal/modules/cjs/loader.js:1085:14)
[04/06/2022, 16:58:36 ERROR] (unknown):     at Object.Module._extensions..js (internal/modules/cjs/loader.js:1114:10)
[04/06/2022, 16:58:36 ERROR] (unknown):     at Module.load (internal/modules/cjs/loader.js:950:32)
[04/06/2022, 16:58:36 ERROR] (unknown):     at Function.Module._load (internal/modules/cjs/loader.js:790:12)
[04/06/2022, 16:58:36 ERROR] (unknown): 
[04/06/2022, 16:58:54 ERROR] (unknown): /!\ UNCAUGH ERROR /!\ ReferenceError: err is not defined
[04/06/2022, 16:58:54 ERROR] (unknown):     at Object.module.exports.start (c:\Users\Sylicium\Documents\devlopement\Cle USB de dev\#41 Jarvis\V4\V4.2 - github\virtual-voice-assistant\server.js:132:52)
[04/06/2022, 16:58:54 ERROR] (unknown):     at _allCode (c:\Users\Sylicium\Documents\devlopement\Cle USB de dev\#41 Jarvis\V4\V4.2 - github\virtual-voice-assistant\index.js:101:8)
[04/06/2022, 16:58:54 ERROR] (unknown):     at Object.<anonymous> (c:\Users\Sylicium\Documents\devlopement\Cle USB de dev\#41 Jarvis\V4\V4.2 - github\virtual-voice-assistant\index.js:33:1)
[04/06/2022, 16:58:54 ERROR] (unknown):     at Module._compile (internal/modules/cjs/loader.js:1085:14)
[04/06/2022, 16:58:54 ERROR] (unknown):     at Object.Module._extensions..js (internal/modules/cjs/loader.js:1114:10)
[04/06/2022, 16:58:54 ERROR] (unknown):     at Module.load (internal/modules/cjs/loader.js:950:32)
[04/06/2022, 16:58:54 ERROR] (unknown):     at Function.Module._load (internal/modules/cjs/loader.js:790:12)
[04/06/2022, 16:58:54 ERROR] (unknown):     at Function.executeUserEntryPoint [as runMain] (internal/modules/run_main.js:76:12)
[04/06/2022, 16:58:54 ERROR] (unknown):     at internal/main/run_main_module.js:17:47
[04/06/2022, 16:58:54 ERROR] (unknown): 
[04/06/2022, 16:59:05 ERROR] (unknown): /!\ UNCAUGH ERROR /!\ ReferenceError: err is not defined
[04/06/2022, 16:59:05 ERROR] (unknown):     at Object.module.exports.start (C:\Users\Sylicium\Documents\devlopement\Cle USB de dev\#41 Jarvis\V4\V4.2 - github\virtual-voice-assistant\server.js:132:52)
[04/06/2022, 16:59:05 ERROR] (unknown):     at _allCode (C:\Users\Sylicium\Documents\devlopement\Cle USB de dev\#41 Jarvis\V4\V4.2 - github\virtual-voice-assistant\index.js:101:8)
[04/06/2022, 16:59:05 ERROR] (unknown):     at Object.<anonymous> (C:\Users\Sylicium\Documents\devlopement\Cle USB de dev\#41 Jarvis\V4\V4.2 - github\virtual-voice-assistant\index.js:33:1)
[04/06/2022, 16:59:05 ERROR] (unknown):     at Module._compile (internal/modules/cjs/loader.js:1085:14)
[04/06/2022, 16:59:05 ERROR] (unknown):     at Object.Module._extensions..js (internal/modules/cjs/loader.js:1114:10)
[04/06/2022, 16:59:05 ERROR] (unknown):     at Module.load (internal/modules/cjs/loader.js:950:32)
[04/06/2022, 16:59:05 ERROR] (unknown):     at Function.Module._load (internal/modules/cjs/loader.js:790:12)
[04/06/2022, 16:59:05 ERROR] (unknown):     at Function.executeUserEntryPoint [as runMain] (internal/modules/run_main.js:76:12)
[04/06/2022, 16:59:05 ERROR] (unknown):     at internal/main/run_main_module.js:17:47
[04/06/2022, 16:59:05 ERROR] (unknown): 
[04/06/2022, 17:40:01 ERROR] (unknown): /!\ UNCAUGH ERROR /!\ ReferenceError: err is not defined
[04/06/2022, 17:40:01 ERROR] (unknown):     at Object.module.exports.start (c:\Users\Sylicium\Documents\devlopement\Cle USB de dev\#41 Jarvis\V4\V4.2 - github\virtual-voice-assistant\server.js:132:52)
[04/06/2022, 17:40:01 ERROR] (unknown):     at _allCode (c:\Users\Sylicium\Documents\devlopement\Cle USB de dev\#41 Jarvis\V4\V4.2 - github\virtual-voice-assistant\index.js:101:8)
[04/06/2022, 17:40:01 ERROR] (unknown):     at Object.<anonymous> (c:\Users\Sylicium\Documents\devlopement\Cle USB de dev\#41 Jarvis\V4\V4.2 - github\virtual-voice-assistant\index.js:33:1)
[04/06/2022, 17:40:01 ERROR] (unknown):     at Module._compile (internal/modules/cjs/loader.js:1085:14)
[04/06/2022, 17:40:01 ERROR] (unknown):     at Object.Module._extensions..js (internal/modules/cjs/loader.js:1114:10)
[04/06/2022, 17:40:01 ERROR] (unknown):     at Module.load (internal/modules/cjs/loader.js:950:32)
[04/06/2022, 17:40:01 ERROR] (unknown):     at Function.Module._load (internal/modules/cjs/loader.js:790:12)
[04/06/2022, 17:40:01 ERROR] (unknown):     at Function.executeUserEntryPoint [as runMain] (internal/modules/run_main.js:76:12)
[04/06/2022, 17:40:01 ERROR] (unknown):     at internal/main/run_main_module.js:17:47
[04/06/2022, 17:40:01 ERROR] (unknown): 
[04/06/2022, 17:40:28 ERROR] (unknown): /!\ UNCAUGH ERROR /!\ ReferenceError: err is not defined
[04/06/2022, 17:40:28 ERROR] (unknown):     at Object.module.exports.start (c:\Users\Sylicium\Documents\devlopement\Cle USB de dev\#41 Jarvis\V4\V4.2 - github\virtual-voice-assistant\server.js:132:52)
[04/06/2022, 17:40:28 ERROR] (unknown):     at _allCode (c:\Users\Sylicium\Documents\devlopement\Cle USB de dev\#41 Jarvis\V4\V4.2 - github\virtual-voice-assistant\index.js:101:8)
[04/06/2022, 17:40:28 ERROR] (unknown):     at Object.<anonymous> (c:\Users\Sylicium\Documents\devlopement\Cle USB de dev\#41 Jarvis\V4\V4.2 - github\virtual-voice-assistant\index.js:33:1)
[04/06/2022, 17:40:28 ERROR] (unknown):     at Module._compile (internal/modules/cjs/loader.js:1085:14)
[04/06/2022, 17:40:28 ERROR] (unknown):     at Object.Module._extensions..js (internal/modules/cjs/loader.js:1114:10)
[04/06/2022, 17:40:28 ERROR] (unknown):     at Module.load (internal/modules/cjs/loader.js:950:32)
[04/06/2022, 17:40:28 ERROR] (unknown):     at Function.Module._load (internal/modules/cjs/loader.js:790:12)
[04/06/2022, 17:40:28 ERROR] (unknown):     at Function.executeUserEntryPoint [as runMain] (internal/modules/run_main.js:76:12)
[04/06/2022, 17:40:28 ERROR] (unknown):     at internal/main/run_main_module.js:17:47
[04/06/2022, 17:40:28 ERROR] (unknown): 
[04/06/2022, 17:40:34 ERROR] (unknown): /!\ UNCAUGH ERROR /!\ ReferenceError: err is not defined
[04/06/2022, 17:40:34 ERROR] (unknown):     at Object.module.exports.start (C:\Users\Sylicium\Documents\devlopement\Cle USB de dev\#41 Jarvis\V4\V4.2 - github\virtual-voice-assistant\server.js:132:52)
[04/06/2022, 17:40:34 ERROR] (unknown):     at _allCode (C:\Users\Sylicium\Documents\devlopement\Cle USB de dev\#41 Jarvis\V4\V4.2 - github\virtual-voice-assistant\index.js:101:8)
[04/06/2022, 17:40:34 ERROR] (unknown):     at Object.<anonymous> (C:\Users\Sylicium\Documents\devlopement\Cle USB de dev\#41 Jarvis\V4\V4.2 - github\virtual-voice-assistant\index.js:33:1)
[04/06/2022, 17:40:34 ERROR] (unknown):     at Module._compile (internal/modules/cjs/loader.js:1085:14)
[04/06/2022, 17:40:34 ERROR] (unknown):     at Object.Module._extensions..js (internal/modules/cjs/loader.js:1114:10)
[04/06/2022, 17:40:34 ERROR] (unknown):     at Module.load (internal/modules/cjs/loader.js:950:32)
[04/06/2022, 17:40:34 ERROR] (unknown):     at Function.Module._load (internal/modules/cjs/loader.js:790:12)
[04/06/2022, 17:40:34 ERROR] (unknown):     at Function.executeUserEntryPoint [as runMain] (internal/modules/run_main.js:76:12)
[04/06/2022, 17:40:34 ERROR] (unknown):     at internal/main/run_main_module.js:17:47
[04/06/2022, 17:40:34 ERROR] (unknown): 
[04/06/2022, 17:40:39 ERROR] (unknown): /!\ UNCAUGH ERROR /!\ ReferenceError: err is not defined
[04/06/2022, 17:40:39 ERROR] (unknown):     at Object.module.exports.start (C:\Users\Sylicium\Documents\devlopement\Cle USB de dev\#41 Jarvis\V4\V4.2 - github\virtual-voice-assistant\server.js:132:52)
[04/06/2022, 17:40:39 ERROR] (unknown):     at _allCode (C:\Users\Sylicium\Documents\devlopement\Cle USB de dev\#41 Jarvis\V4\V4.2 - github\virtual-voice-assistant\index.js:101:8)
[04/06/2022, 17:40:39 ERROR] (unknown):     at Object.<anonymous> (C:\Users\Sylicium\Documents\devlopement\Cle USB de dev\#41 Jarvis\V4\V4.2 - github\virtual-voice-assistant\index.js:33:1)
[04/06/2022, 17:40:39 ERROR] (unknown):     at Module._compile (internal/modules/cjs/loader.js:1085:14)
[04/06/2022, 17:40:39 ERROR] (unknown):     at Object.Module._extensions..js (internal/modules/cjs/loader.js:1114:10)
[04/06/2022, 17:40:39 ERROR] (unknown):     at Module.load (internal/modules/cjs/loader.js:950:32)
[04/06/2022, 17:40:39 ERROR] (unknown):     at Function.Module._load (internal/modules/cjs/loader.js:790:12)
[04/06/2022, 17:40:39 ERROR] (unknown):     at Function.executeUserEntryPoint [as runMain] (internal/modules/run_main.js:76:12)
[04/06/2022, 17:40:39 ERROR] (unknown):     at internal/main/run_main_module.js:17:47
[04/06/2022, 17:40:39 ERROR] (unknown): 
[04/06/2022, 17:41:16 ERROR] (unknown): /!\ UNCAUGH ERROR /!\ ReferenceError: err is not defined
[04/06/2022, 17:41:16 ERROR] (unknown):     at Object.module.exports.start (C:\Users\Sylicium\Documents\devlopement\Cle USB de dev\#41 Jarvis\V4\V4.2 - github\virtual-voice-assistant\server.js:132:52)
[04/06/2022, 17:41:16 ERROR] (unknown):     at _allCode (C:\Users\Sylicium\Documents\devlopement\Cle USB de dev\#41 Jarvis\V4\V4.2 - github\virtual-voice-assistant\index.js:101:8)
[04/06/2022, 17:41:16 ERROR] (unknown):     at Object.<anonymous> (C:\Users\Sylicium\Documents\devlopement\Cle USB de dev\#41 Jarvis\V4\V4.2 - github\virtual-voice-assistant\index.js:33:1)
[04/06/2022, 17:41:16 ERROR] (unknown):     at Module._compile (internal/modules/cjs/loader.js:1085:14)
[04/06/2022, 17:41:16 ERROR] (unknown):     at Object.Module._extensions..js (internal/modules/cjs/loader.js:1114:10)
[04/06/2022, 17:41:16 ERROR] (unknown):     at Module.load (internal/modules/cjs/loader.js:950:32)
[04/06/2022, 17:41:16 ERROR] (unknown):     at Function.Module._load (internal/modules/cjs/loader.js:790:12)
[04/06/2022, 17:41:16 ERROR] (unknown):     at Function.executeUserEntryPoint [as runMain] (internal/modules/run_main.js:76:12)
[04/06/2022, 17:41:16 ERROR] (unknown):     at internal/main/run_main_module.js:17:47
[04/06/2022, 17:41:16 ERROR] (unknown): 
[04/06/2022, 17:42:06 ERROR] (unknown): /!\ UNCAUGH ERROR /!\ ReferenceError: err is not defined
[04/06/2022, 17:42:06 ERROR] (unknown):     at Object.module.exports.start (C:\Users\Sylicium\Documents\devlopement\Cle USB de dev\#41 Jarvis\V4\V4.2 - github\virtual-voice-assistant\server.js:132:52)
[04/06/2022, 17:42:06 ERROR] (unknown):     at _allCode (C:\Users\Sylicium\Documents\devlopement\Cle USB de dev\#41 Jarvis\V4\V4.2 - github\virtual-voice-assistant\index.js:101:8)
[04/06/2022, 17:42:06 ERROR] (unknown):     at Object.<anonymous> (C:\Users\Sylicium\Documents\devlopement\Cle USB de dev\#41 Jarvis\V4\V4.2 - github\virtual-voice-assistant\index.js:33:1)
[04/06/2022, 17:42:06 ERROR] (unknown):     at Module._compile (internal/modules/cjs/loader.js:1085:14)
[04/06/2022, 17:42:06 ERROR] (unknown):     at Object.Module._extensions..js (internal/modules/cjs/loader.js:1114:10)
[04/06/2022, 17:42:06 ERROR] (unknown):     at Module.load (internal/modules/cjs/loader.js:950:32)
[04/06/2022, 17:42:06 ERROR] (unknown):     at Function.Module._load (internal/modules/cjs/loader.js:790:12)
[04/06/2022, 17:42:06 ERROR] (unknown):     at Function.executeUserEntryPoint [as runMain] (internal/modules/run_main.js:76:12)
[04/06/2022, 17:42:06 ERROR] (unknown):     at internal/main/run_main_module.js:17:47
[04/06/2022, 17:42:06 ERROR] (unknown): 
[04/06/2022, 17:42:20 ERROR] (unknown): /!\ UNCAUGH ERROR /!\ ReferenceError: err is not defined
[04/06/2022, 17:42:20 ERROR] (unknown):     at Object.module.exports.start (C:\Users\Sylicium\Documents\devlopement\Cle USB de dev\#41 Jarvis\V4\V4.2 - github\virtual-voice-assistant\server.js:132:52)
[04/06/2022, 17:42:20 ERROR] (unknown):     at _allCode (C:\Users\Sylicium\Documents\devlopement\Cle USB de dev\#41 Jarvis\V4\V4.2 - github\virtual-voice-assistant\index.js:101:8)
[04/06/2022, 17:42:20 ERROR] (unknown):     at Object.<anonymous> (C:\Users\Sylicium\Documents\devlopement\Cle USB de dev\#41 Jarvis\V4\V4.2 - github\virtual-voice-assistant\index.js:33:1)
[04/06/2022, 17:42:20 ERROR] (unknown):     at Module._compile (internal/modules/cjs/loader.js:1085:14)
[04/06/2022, 17:42:20 ERROR] (unknown):     at Object.Module._extensions..js (internal/modules/cjs/loader.js:1114:10)
[04/06/2022, 17:42:20 ERROR] (unknown):     at Module.load (internal/modules/cjs/loader.js:950:32)
[04/06/2022, 17:42:20 ERROR] (unknown):     at Function.Module._load (internal/modules/cjs/loader.js:790:12)
[04/06/2022, 17:42:20 ERROR] (unknown):     at Function.executeUserEntryPoint [as runMain] (internal/modules/run_main.js:76:12)
[04/06/2022, 17:42:20 ERROR] (unknown):     at internal/main/run_main_module.js:17:47
[04/06/2022, 17:42:20 ERROR] (unknown): 
[04/06/2022, 17:45:29 ERROR] (unknown): /!\ UNCAUGH ERROR /!\ ReferenceError: err is not defined
[04/06/2022, 17:45:29 ERROR] (unknown):     at Object.module.exports.start (C:\Users\Sylicium\Documents\devlopement\Cle USB de dev\#41 Jarvis\V4\V4.2 - github\virtual-voice-assistant\server.js:132:52)
[04/06/2022, 17:45:29 ERROR] (unknown):     at _allCode (C:\Users\Sylicium\Documents\devlopement\Cle USB de dev\#41 Jarvis\V4\V4.2 - github\virtual-voice-assistant\index.js:101:8)
[04/06/2022, 17:45:29 ERROR] (unknown):     at Object.<anonymous> (C:\Users\Sylicium\Documents\devlopement\Cle USB de dev\#41 Jarvis\V4\V4.2 - github\virtual-voice-assistant\index.js:33:1)
[04/06/2022, 17:45:29 ERROR] (unknown):     at Module._compile (internal/modules/cjs/loader.js:1085:14)
[04/06/2022, 17:45:29 ERROR] (unknown):     at Object.Module._extensions..js (internal/modules/cjs/loader.js:1114:10)
[04/06/2022, 17:45:29 ERROR] (unknown):     at Module.load (internal/modules/cjs/loader.js:950:32)
[04/06/2022, 17:45:29 ERROR] (unknown):     at Function.Module._load (internal/modules/cjs/loader.js:790:12)
[04/06/2022, 17:45:29 ERROR] (unknown):     at Function.executeUserEntryPoint [as runMain] (internal/modules/run_main.js:76:12)
[04/06/2022, 17:45:29 ERROR] (unknown):     at internal/main/run_main_module.js:17:47
[04/06/2022, 17:45:29 ERROR] (unknown): 
[04/06/2022, 18:25:45 ERROR] (unknown): /!\ UNCAUGH ERROR /!\ TypeError: Cannot read property 'toast' of undefined
[04/06/2022, 18:25:45 ERROR] (unknown):     at new createJarvis (C:\Users\Sylicium\Documents\devlopement\Cle USB de dev\#41 Jarvis\V4\V4.2 - github\virtual-voice-assistant\jarvis.js:167:29)
[04/06/2022, 18:25:45 ERROR] (unknown):     at Object.<anonymous> (C:\Users\Sylicium\Documents\devlopement\Cle USB de dev\#41 Jarvis\V4\V4.2 - github\virtual-voice-assistant\jarvis.js:354:22)
[04/06/2022, 18:25:45 ERROR] (unknown):     at Module._compile (internal/modules/cjs/loader.js:1085:14)
[04/06/2022, 18:25:45 ERROR] (unknown):     at Object.Module._extensions..js (internal/modules/cjs/loader.js:1114:10)
[04/06/2022, 18:25:45 ERROR] (unknown):     at Module.load (internal/modules/cjs/loader.js:950:32)
[04/06/2022, 18:25:45 ERROR] (unknown):     at Function.Module._load (internal/modules/cjs/loader.js:790:12)
[04/06/2022, 18:25:45 ERROR] (unknown):     at Module.require (internal/modules/cjs/loader.js:974:19)
[04/06/2022, 18:25:45 ERROR] (unknown):     at require (internal/modules/cjs/helpers.js:93:18)
[04/06/2022, 18:25:45 ERROR] (unknown):     at _allCode (C:\Users\Sylicium\Documents\devlopement\Cle USB de dev\#41 Jarvis\V4\V4.2 - github\virtual-voice-assistant\index.js:96:14)
[04/06/2022, 18:25:45 ERROR] (unknown):     at Object.<anonymous> (C:\Users\Sylicium\Documents\devlopement\Cle USB de dev\#41 Jarvis\V4\V4.2 - github\virtual-voice-assistant\index.js:33:1)
[04/06/2022, 18:25:45 ERROR] (unknown): 
[04/06/2022, 18:25:52 ERROR] (unknown): /!\ UNCAUGH ERROR /!\ TypeError: Cannot read property 'toast' of undefined
[04/06/2022, 18:25:52 ERROR] (unknown):     at new createJarvis (c:\Users\Sylicium\Documents\devlopement\Cle USB de dev\#41 Jarvis\V4\V4.2 - github\virtual-voice-assistant\jarvis.js:167:29)
[04/06/2022, 18:25:52 ERROR] (unknown):     at Object.<anonymous> (c:\Users\Sylicium\Documents\devlopement\Cle USB de dev\#41 Jarvis\V4\V4.2 - github\virtual-voice-assistant\jarvis.js:354:22)
[04/06/2022, 18:25:52 ERROR] (unknown):     at Module._compile (internal/modules/cjs/loader.js:1085:14)
[04/06/2022, 18:25:52 ERROR] (unknown):     at Object.Module._extensions..js (internal/modules/cjs/loader.js:1114:10)
[04/06/2022, 18:25:52 ERROR] (unknown):     at Module.load (internal/modules/cjs/loader.js:950:32)
[04/06/2022, 18:25:52 ERROR] (unknown):     at Function.Module._load (internal/modules/cjs/loader.js:790:12)
[04/06/2022, 18:25:52 ERROR] (unknown):     at Module.require (internal/modules/cjs/loader.js:974:19)
[04/06/2022, 18:25:52 ERROR] (unknown):     at require (internal/modules/cjs/helpers.js:93:18)
[04/06/2022, 18:25:52 ERROR] (unknown):     at _allCode (c:\Users\Sylicium\Documents\devlopement\Cle USB de dev\#41 Jarvis\V4\V4.2 - github\virtual-voice-assistant\index.js:96:14)
[04/06/2022, 18:25:52 ERROR] (unknown):     at Object.<anonymous> (c:\Users\Sylicium\Documents\devlopement\Cle USB de dev\#41 Jarvis\V4\V4.2 - github\virtual-voice-assistant\index.js:33:1)
[04/06/2022, 18:25:52 ERROR] (unknown): 
[04/06/2022, 18:26:06 ERROR] (unknown): /!\ UNCAUGH ERROR /!\ ReferenceError: err is not defined
[04/06/2022, 18:26:06 ERROR] (unknown):     at Object.module.exports.start (c:\Users\Sylicium\Documents\devlopement\Cle USB de dev\#41 Jarvis\V4\V4.2 - github\virtual-voice-assistant\server.js:132:52)
[04/06/2022, 18:26:06 ERROR] (unknown):     at _allCode (c:\Users\Sylicium\Documents\devlopement\Cle USB de dev\#41 Jarvis\V4\V4.2 - github\virtual-voice-assistant\index.js:101:8)
[04/06/2022, 18:26:06 ERROR] (unknown):     at Object.<anonymous> (c:\Users\Sylicium\Documents\devlopement\Cle USB de dev\#41 Jarvis\V4\V4.2 - github\virtual-voice-assistant\index.js:33:1)
[04/06/2022, 18:26:06 ERROR] (unknown):     at Module._compile (internal/modules/cjs/loader.js:1085:14)
[04/06/2022, 18:26:06 ERROR] (unknown):     at Object.Module._extensions..js (internal/modules/cjs/loader.js:1114:10)
[04/06/2022, 18:26:06 ERROR] (unknown):     at Module.load (internal/modules/cjs/loader.js:950:32)
[04/06/2022, 18:26:06 ERROR] (unknown):     at Function.Module._load (internal/modules/cjs/loader.js:790:12)
[04/06/2022, 18:26:06 ERROR] (unknown):     at Function.executeUserEntryPoint [as runMain] (internal/modules/run_main.js:76:12)
[04/06/2022, 18:26:06 ERROR] (unknown):     at internal/main/run_main_module.js:17:47
[04/06/2022, 18:26:06 ERROR] (unknown): 
[04/06/2022, 18:26:47 ERROR] (unknown): Uncaught Exception (process.on handle) Error: listen EADDRINUSE: address already in use :::1111
[04/06/2022, 18:26:47 ERROR] (unknown):     at Server.setupListenHandle [as _listen2] (net.js:1331:16)
[04/06/2022, 18:26:47 ERROR] (unknown):     at listenInCluster (net.js:1379:12)
[04/06/2022, 18:26:47 ERROR] (unknown):     at Server.listen (net.js:1465:7)
[04/06/2022, 18:26:47 ERROR] (unknown):     at Object.module.exports.start (c:\Users\Sylicium\Documents\devlopement\Cle USB de dev\#41 Jarvis\V4\V4.2 - github\virtual-voice-assistant\server.js:124:14)
[04/06/2022, 18:26:47 ERROR] (unknown):     at _allCode (c:\Users\Sylicium\Documents\devlopement\Cle USB de dev\#41 Jarvis\V4\V4.2 - github\virtual-voice-assistant\index.js:101:8)
[04/06/2022, 18:26:47 ERROR] (unknown):     at Object.<anonymous> (c:\Users\Sylicium\Documents\devlopement\Cle USB de dev\#41 Jarvis\V4\V4.2 - github\virtual-voice-assistant\index.js:33:1)
[04/06/2022, 18:26:47 ERROR] (unknown):     at Module._compile (internal/modules/cjs/loader.js:1085:14)
[04/06/2022, 18:26:47 ERROR] (unknown):     at Object.Module._extensions..js (internal/modules/cjs/loader.js:1114:10)
[04/06/2022, 18:26:47 ERROR] (unknown):     at Module.load (internal/modules/cjs/loader.js:950:32)
[04/06/2022, 18:26:47 ERROR] (unknown):     at Function.Module._load (internal/modules/cjs/loader.js:790:12)
[04/06/2022, 18:26:47 ERROR] (unknown): 
[05/06/2022, 21:03:40 ERROR] (unknown): Unhandled Rejection (process.on handle) ReferenceError: pond_list is not defined
[05/06/2022, 21:03:40 ERROR] (unknown):     at Object.function (C:\Users\Sylicium\Documents\devlopement\Cle USB de dev\#41 Jarvis\V4\V4.2 - github\virtual-voice-assistant\brain\commands\date_and_time_cmd.js:56:24)
[05/06/2022, 21:03:40 ERROR] (unknown):     at Timeout._onTimeout (C:\Users\Sylicium\Documents\devlopement\Cle USB de dev\#41 Jarvis\V4\V4.2 - github\virtual-voice-assistant\jarvis.js:87:41)
[05/06/2022, 21:03:40 ERROR] (unknown):     at listOnTimeout (internal/timers.js:557:17)
[05/06/2022, 21:03:40 ERROR] (unknown):     at processTimers (internal/timers.js:500:7)
[05/06/2022, 21:03:40 ERROR] (unknown): 
[05/06/2022, 21:09:43 ERROR] (unknown): Unhandled Rejection (process.on handle) ReferenceError: config is not defined
[05/06/2022, 21:09:43 ERROR] (unknown):     at Object.function (C:\Users\Sylicium\Documents\devlopement\Cle USB de dev\#41 Jarvis\V4\V4.2 - github\virtual-voice-assistant\brain\commands\date_and_time_cmd.js:60:27)
[05/06/2022, 21:09:43 ERROR] (unknown):     at Timeout._onTimeout (C:\Users\Sylicium\Documents\devlopement\Cle USB de dev\#41 Jarvis\V4\V4.2 - github\virtual-voice-assistant\jarvis.js:87:41)
[05/06/2022, 21:09:43 ERROR] (unknown):     at listOnTimeout (internal/timers.js:557:17)
[05/06/2022, 21:09:43 ERROR] (unknown):     at processTimers (internal/timers.js:500:7)
[05/06/2022, 21:09:43 ERROR] (unknown): 
[05/06/2022, 21:10:24 ERROR] (unknown): Unhandled Rejection (process.on handle) TypeError: Cannot read property 'useModule' of undefined
[05/06/2022, 21:10:24 ERROR] (unknown):     at Object.function (C:\Users\Sylicium\Documents\devlopement\Cle USB de dev\#41 Jarvis\V4\V4.2 - github\virtual-voice-assistant\brain\commands\date_and_time_cmd.js:60:39)
[05/06/2022, 21:10:24 ERROR] (unknown):     at Timeout._onTimeout (C:\Users\Sylicium\Documents\devlopement\Cle USB de dev\#41 Jarvis\V4\V4.2 - github\virtual-voice-assistant\jarvis.js:87:41)
[05/06/2022, 21:10:24 ERROR] (unknown):     at listOnTimeout (internal/timers.js:557:17)
[05/06/2022, 21:10:24 ERROR] (unknown):     at processTimers (internal/timers.js:500:7)
[05/06/2022, 21:10:24 ERROR] (unknown): 
[05/06/2022, 21:10:39 ERROR] (unknown): Unhandled Rejection (process.on handle) Error: [!][Jarvis.js][ERROR]: code: 0 | Empty TTS list
[05/06/2022, 21:10:39 ERROR] (unknown):     at createJarvis.throwWarn (C:\Users\Sylicium\Documents\devlopement\Cle USB de dev\#41 Jarvis\V4\V4.2 - github\virtual-voice-assistant\jarvis.js:286:15)
[05/06/2022, 21:10:39 ERROR] (unknown):     at createJarvis.tts (C:\Users\Sylicium\Documents\devlopement\Cle USB de dev\#41 Jarvis\V4\V4.2 - github\virtual-voice-assistant\jarvis.js:331:18)
[05/06/2022, 21:10:39 ERROR] (unknown):     at Object.function (C:\Users\Sylicium\Documents\devlopement\Cle USB de dev\#41 Jarvis\V4\V4.2 - github\virtual-voice-assistant\brain\commands\date_and_time_cmd.js:59:20)
[05/06/2022, 21:10:39 ERROR] (unknown):     at Timeout._onTimeout (C:\Users\Sylicium\Documents\devlopement\Cle USB de dev\#41 Jarvis\V4\V4.2 - github\virtual-voice-assistant\jarvis.js:87:41)
[05/06/2022, 21:10:39 ERROR] (unknown):     at listOnTimeout (internal/timers.js:557:17)
[05/06/2022, 21:10:39 ERROR] (unknown):     at processTimers (internal/timers.js:500:7)
[05/06/2022, 21:10:39 ERROR] (unknown): 
[05/06/2022, 21:32:06 ERROR] (unknown): Unhandled Rejection (process.on handle) Error: [!][Jarvis.js][ERROR]: code: 0 | Empty TTS list
[05/06/2022, 21:32:06 ERROR] (unknown):     at createJarvis.throwWarn (C:\Users\Sylicium\Documents\devlopement\Cle USB de dev\#41 Jarvis\V4\V4.2 - github\virtual-voice-assistant\jarvis.js:286:15)
[05/06/2022, 21:32:06 ERROR] (unknown):     at createJarvis.tts (C:\Users\Sylicium\Documents\devlopement\Cle USB de dev\#41 Jarvis\V4\V4.2 - github\virtual-voice-assistant\jarvis.js:331:18)
[05/06/2022, 21:32:06 ERROR] (unknown):     at Object.function (C:\Users\Sylicium\Documents\devlopement\Cle USB de dev\#41 Jarvis\V4\V4.2 - github\virtual-voice-assistant\brain\commands\date_and_time_cmd.js:67:20)
[05/06/2022, 21:32:06 ERROR] (unknown):     at Timeout._onTimeout (C:\Users\Sylicium\Documents\devlopement\Cle USB de dev\#41 Jarvis\V4\V4.2 - github\virtual-voice-assistant\jarvis.js:87:41)
[05/06/2022, 21:32:06 ERROR] (unknown):     at listOnTimeout (internal/timers.js:557:17)
[05/06/2022, 21:32:06 ERROR] (unknown):     at processTimers (internal/timers.js:500:7)
[05/06/2022, 21:32:06 ERROR] (unknown): 
[05/06/2022, 21:32:23 ERROR] (unknown): Unhandled Rejection (process.on handle) ReferenceError: config is not defined
[05/06/2022, 21:32:23 ERROR] (unknown):     at Object.function (C:\Users\Sylicium\Documents\devlopement\Cle USB de dev\#41 Jarvis\V4\V4.2 - github\virtual-voice-assistant\brain\commands\date_and_time_cmd.js:99:27)
[05/06/2022, 21:32:23 ERROR] (unknown):     at Timeout._onTimeout (C:\Users\Sylicium\Documents\devlopement\Cle USB de dev\#41 Jarvis\V4\V4.2 - github\virtual-voice-assistant\jarvis.js:87:41)
[05/06/2022, 21:32:23 ERROR] (unknown):     at listOnTimeout (internal/timers.js:557:17)
[05/06/2022, 21:32:23 ERROR] (unknown):     at processTimers (internal/timers.js:500:7)
[05/06/2022, 21:32:23 ERROR] (unknown): 
[05/06/2022, 21:33:13 ERROR] (unknown): Unhandled Rejection (process.on handle) ReferenceError: config is not defined
[05/06/2022, 21:33:13 ERROR] (unknown):     at Object.function (C:\Users\Sylicium\Documents\devlopement\Cle USB de dev\#41 Jarvis\V4\V4.2 - github\virtual-voice-assistant\brain\commands\date_and_time_cmd.js:99:27)
[05/06/2022, 21:33:13 ERROR] (unknown):     at Timeout._onTimeout (C:\Users\Sylicium\Documents\devlopement\Cle USB de dev\#41 Jarvis\V4\V4.2 - github\virtual-voice-assistant\jarvis.js:87:41)
[05/06/2022, 21:33:13 ERROR] (unknown):     at listOnTimeout (internal/timers.js:557:17)
[05/06/2022, 21:33:13 ERROR] (unknown):     at processTimers (internal/timers.js:500:7)
[05/06/2022, 21:33:13 ERROR] (unknown): 
[05/06/2022, 21:33:19 ERROR] (unknown): Unhandled Rejection (process.on handle) ReferenceError: config is not defined
[05/06/2022, 21:33:19 ERROR] (unknown):     at Object.function (C:\Users\Sylicium\Documents\devlopement\Cle USB de dev\#41 Jarvis\V4\V4.2 - github\virtual-voice-assistant\brain\commands\date_and_time_cmd.js:99:27)
[05/06/2022, 21:33:19 ERROR] (unknown):     at Timeout._onTimeout (C:\Users\Sylicium\Documents\devlopement\Cle USB de dev\#41 Jarvis\V4\V4.2 - github\virtual-voice-assistant\jarvis.js:87:41)
[05/06/2022, 21:33:19 ERROR] (unknown):     at listOnTimeout (internal/timers.js:557:17)
[05/06/2022, 21:33:19 ERROR] (unknown):     at processTimers (internal/timers.js:500:7)
[05/06/2022, 21:33:19 ERROR] (unknown): 
[05/06/2022, 21:36:15 ERROR] (unknown): Uncaught Exception (process.on handle) Error: listen EADDRINUSE: address already in use :::1111
[05/06/2022, 21:36:15 ERROR] (unknown):     at Server.setupListenHandle [as _listen2] (net.js:1331:16)
[05/06/2022, 21:36:15 ERROR] (unknown):     at listenInCluster (net.js:1379:12)
[05/06/2022, 21:36:15 ERROR] (unknown):     at Server.listen (net.js:1465:7)
[05/06/2022, 21:36:15 ERROR] (unknown):     at Object.module.exports.start (C:\Users\Sylicium\Documents\devlopement\Cle USB de dev\#41 Jarvis\V4\V4.2 - github\virtual-voice-assistant\server.js:124:14)
[05/06/2022, 21:36:15 ERROR] (unknown):     at _allCode (C:\Users\Sylicium\Documents\devlopement\Cle USB de dev\#41 Jarvis\V4\V4.2 - github\virtual-voice-assistant\index.js:101:8)
[05/06/2022, 21:36:15 ERROR] (unknown):     at Object.<anonymous> (C:\Users\Sylicium\Documents\devlopement\Cle USB de dev\#41 Jarvis\V4\V4.2 - github\virtual-voice-assistant\index.js:33:1)
[05/06/2022, 21:36:15 ERROR] (unknown):     at Module._compile (internal/modules/cjs/loader.js:1085:14)
[05/06/2022, 21:36:15 ERROR] (unknown):     at Object.Module._extensions..js (internal/modules/cjs/loader.js:1114:10)
[05/06/2022, 21:36:15 ERROR] (unknown):     at Module.load (internal/modules/cjs/loader.js:950:32)
[05/06/2022, 21:36:15 ERROR] (unknown):     at Function.Module._load (internal/modules/cjs/loader.js:790:12)
[05/06/2022, 21:36:15 ERROR] (unknown): 
[05/06/2022, 21:36:19 ERROR] (unknown): Unhandled Rejection (process.on handle) TypeError: Logger_file.success is not a function
[05/06/2022, 21:36:19 ERROR] (unknown):     at Object.warn (C:\Users\Sylicium\Documents\devlopement\Cle USB de dev\#41 Jarvis\V4\V4.2 - github\virtual-voice-assistant\jarvis.js:25:38)
[05/06/2022, 21:36:19 ERROR] (unknown):     at createJarvis.throwWarn (C:\Users\Sylicium\Documents\devlopement\Cle USB de dev\#41 Jarvis\V4\V4.2 - github\virtual-voice-assistant\jarvis.js:285:16)
[05/06/2022, 21:36:19 ERROR] (unknown):     at createJarvis.tts (C:\Users\Sylicium\Documents\devlopement\Cle USB de dev\#41 Jarvis\V4\V4.2 - github\virtual-voice-assistant\jarvis.js:330:18)
[05/06/2022, 21:36:19 ERROR] (unknown):     at Object.function (C:\Users\Sylicium\Documents\devlopement\Cle USB de dev\#41 Jarvis\V4\V4.2 - github\virtual-voice-assistant\brain\commands\date_and_time_cmd.js:67:20)
[05/06/2022, 21:36:19 ERROR] (unknown):     at Timeout._onTimeout (C:\Users\Sylicium\Documents\devlopement\Cle USB de dev\#41 Jarvis\V4\V4.2 - github\virtual-voice-assistant\jarvis.js:87:41)
[05/06/2022, 21:36:19 ERROR] (unknown):     at listOnTimeout (internal/timers.js:557:17)
[05/06/2022, 21:36:19 ERROR] (unknown):     at processTimers (internal/timers.js:500:7)
[05/06/2022, 21:36:19 ERROR] (unknown): 
[05/06/2022, 21:36:25 ERROR] (unknown): Unhandled Rejection (process.on handle) TypeError: Logger_file.success is not a function
[05/06/2022, 21:36:25 ERROR] (unknown):     at Object.warn (C:\Users\Sylicium\Documents\devlopement\Cle USB de dev\#41 Jarvis\V4\V4.2 - github\virtual-voice-assistant\jarvis.js:25:38)
[05/06/2022, 21:36:25 ERROR] (unknown):     at createJarvis.throwWarn (C:\Users\Sylicium\Documents\devlopement\Cle USB de dev\#41 Jarvis\V4\V4.2 - github\virtual-voice-assistant\jarvis.js:285:16)
[05/06/2022, 21:36:25 ERROR] (unknown):     at createJarvis.tts (C:\Users\Sylicium\Documents\devlopement\Cle USB de dev\#41 Jarvis\V4\V4.2 - github\virtual-voice-assistant\jarvis.js:330:18)
[05/06/2022, 21:36:25 ERROR] (unknown):     at Object.function (C:\Users\Sylicium\Documents\devlopement\Cle USB de dev\#41 Jarvis\V4\V4.2 - github\virtual-voice-assistant\brain\commands\date_and_time_cmd.js:67:20)
[05/06/2022, 21:36:25 ERROR] (unknown):     at Timeout._onTimeout (C:\Users\Sylicium\Documents\devlopement\Cle USB de dev\#41 Jarvis\V4\V4.2 - github\virtual-voice-assistant\jarvis.js:87:41)
[05/06/2022, 21:36:25 ERROR] (unknown):     at listOnTimeout (internal/timers.js:557:17)
[05/06/2022, 21:36:25 ERROR] (unknown):     at processTimers (internal/timers.js:500:7)
[05/06/2022, 21:36:25 ERROR] (unknown): 
[05/06/2022, 21:36:41 ERROR] (unknown): Unhandled Rejection (process.on handle) ReferenceError: config is not defined
[05/06/2022, 21:36:41 ERROR] (unknown):     at Object.function (C:\Users\Sylicium\Documents\devlopement\Cle USB de dev\#41 Jarvis\V4\V4.2 - github\virtual-voice-assistant\brain\commands\date_and_time_cmd.js:99:27)
[05/06/2022, 21:36:41 ERROR] (unknown):     at Timeout._onTimeout (C:\Users\Sylicium\Documents\devlopement\Cle USB de dev\#41 Jarvis\V4\V4.2 - github\virtual-voice-assistant\jarvis.js:87:41)
[05/06/2022, 21:36:41 ERROR] (unknown):     at listOnTimeout (internal/timers.js:557:17)
[05/06/2022, 21:36:41 ERROR] (unknown):     at processTimers (internal/timers.js:500:7)
[05/06/2022, 21:36:41 ERROR] (unknown): 
[06/06/2022, 17:56:26 ERROR] (unknown): /!\ UNCAUGH ERROR /!\ ReferenceError: command is not defined
[06/06/2022, 17:56:26 ERROR] (unknown):     at Object.<anonymous> (c:\Users\Sylicium\Documents\devlopement\Cle USB de dev\#41 Jarvis\V4\V4.2 - github\virtual-voice-assistant\jarvis.js:559:1)
[06/06/2022, 17:56:26 ERROR] (unknown):     at Module._compile (internal/modules/cjs/loader.js:1085:14)
[06/06/2022, 17:56:26 ERROR] (unknown):     at Object.Module._extensions..js (internal/modules/cjs/loader.js:1114:10)
[06/06/2022, 17:56:26 ERROR] (unknown):     at Module.load (internal/modules/cjs/loader.js:950:32)
[06/06/2022, 17:56:26 ERROR] (unknown):     at Function.Module._load (internal/modules/cjs/loader.js:790:12)
[06/06/2022, 17:56:26 ERROR] (unknown):     at Module.require (internal/modules/cjs/loader.js:974:19)
[06/06/2022, 17:56:26 ERROR] (unknown):     at require (internal/modules/cjs/helpers.js:93:18)
[06/06/2022, 17:56:26 ERROR] (unknown):     at _allCode (c:\Users\Sylicium\Documents\devlopement\Cle USB de dev\#41 Jarvis\V4\V4.2 - github\virtual-voice-assistant\index.js:96:14)
[06/06/2022, 17:56:26 ERROR] (unknown):     at Object.<anonymous> (c:\Users\Sylicium\Documents\devlopement\Cle USB de dev\#41 Jarvis\V4\V4.2 - github\virtual-voice-assistant\index.js:33:1)
[06/06/2022, 17:56:26 ERROR] (unknown):     at Module._compile (internal/modules/cjs/loader.js:1085:14)
[06/06/2022, 17:56:26 ERROR] (unknown): 
[06/06/2022, 17:56:41 ERROR] (unknown): /!\ UNCAUGH ERROR /!\ ReferenceError: command is not defined
[06/06/2022, 17:56:41 ERROR] (unknown):     at Object.<anonymous> (c:\Users\Sylicium\Documents\devlopement\Cle USB de dev\#41 Jarvis\V4\V4.2 - github\virtual-voice-assistant\jarvis.js:559:1)
[06/06/2022, 17:56:41 ERROR] (unknown):     at Module._compile (internal/modules/cjs/loader.js:1085:14)
[06/06/2022, 17:56:41 ERROR] (unknown):     at Object.Module._extensions..js (internal/modules/cjs/loader.js:1114:10)
[06/06/2022, 17:56:41 ERROR] (unknown):     at Module.load (internal/modules/cjs/loader.js:950:32)
[06/06/2022, 17:56:41 ERROR] (unknown):     at Function.Module._load (internal/modules/cjs/loader.js:790:12)
[06/06/2022, 17:56:41 ERROR] (unknown):     at Module.require (internal/modules/cjs/loader.js:974:19)
[06/06/2022, 17:56:41 ERROR] (unknown):     at require (internal/modules/cjs/helpers.js:93:18)
[06/06/2022, 17:56:41 ERROR] (unknown):     at _allCode (c:\Users\Sylicium\Documents\devlopement\Cle USB de dev\#41 Jarvis\V4\V4.2 - github\virtual-voice-assistant\index.js:96:14)
[06/06/2022, 17:56:41 ERROR] (unknown):     at Object.<anonymous> (c:\Users\Sylicium\Documents\devlopement\Cle USB de dev\#41 Jarvis\V4\V4.2 - github\virtual-voice-assistant\index.js:33:1)
[06/06/2022, 17:56:41 ERROR] (unknown):     at Module._compile (internal/modules/cjs/loader.js:1085:14)
[06/06/2022, 17:56:41 ERROR] (unknown): 
